<?xml version="1.0" encoding="UTF-8"?>
<testsuite name="org.openmuc.framework.driver.iec61850.Iec61850ConnectionTest" tests="3" skipped="0" failures="0" errors="0" timestamp="2025-11-11T04:01:18" hostname="shou-ThinkPad-E14-Gen-5" time="0.394">
  <properties/>
  <testcase name="testWrite()" classname="org.openmuc.framework.driver.iec61850.Iec61850ConnectionTest" time="0.299"/>
  <testcase name="testRead()" classname="org.openmuc.framework.driver.iec61850.Iec61850ConnectionTest" time="0.05"/>
  <testcase name="testScanForChannels()" classname="org.openmuc.framework.driver.iec61850.Iec61850ConnectionTest" time="0.043"/>
  <system-out><![CDATA[IED Server is running
Attempting to connect to server 127.0.0.1 on port 56597
calling GetDataValues(NewIEDLDevice1/LLN0.Mod)
11:01:18.534 [iec61850bean-server-thread-1] DEBUG com.beanit.iec61850bean.ServerAssociation - Got a GetDataValues request for node: NewIEDLDevice1/LLN0.Mod [ST]
NewIEDLDevice1/LLN0.Mod.stVal: 0
NewIEDLDevice1/LLN0.Mod.q: 0000
NewIEDLDevice1/LLN0.Mod.t: 1970-01-01T00:00:00Z
11:01:18.536 [iec61850bean-server-thread-1] DEBUG com.beanit.iec61850bean.ServerAssociation - sub BDA is:NewIEDLDevice1/LLN0.Mod.stVal: 0
11:01:18.536 [iec61850bean-server-thread-1] DEBUG com.beanit.iec61850bean.ServerAssociation - sub BDA is:NewIEDLDevice1/LLN0.Mod.q: 0000
11:01:18.537 [iec61850bean-server-thread-1] DEBUG com.beanit.iec61850bean.ServerAssociation - sub BDA is:NewIEDLDevice1/LLN0.Mod.t: 1970-01-01T00:00:00Z
calling GetDataValues(NewIEDLDevice1/LLN0.Mod.stVal)
11:01:18.542 [iec61850bean-server-thread-1] DEBUG com.beanit.iec61850bean.ServerAssociation - Got a GetDataValues request for node: NewIEDLDevice1/LLN0.Mod.stVal: 0
calling GetDataValues(NewIEDLDevice1/LLN0.Mod.q)
11:01:18.542 [iec61850bean-server-thread-1] DEBUG com.beanit.iec61850bean.ServerAssociation - Got a GetDataValues request for node: NewIEDLDevice1/LLN0.Mod.q: 0000
calling GetDataValues(NewIEDLDevice1/LLN0.Mod.t)
11:01:18.543 [iec61850bean-server-thread-1] DEBUG com.beanit.iec61850bean.ServerAssociation - Got a GetDataValues request for node: NewIEDLDevice1/LLN0.Mod.t: 1970-01-01T00:00:00Z
calling GetDataValues(NewIEDLDevice1/LLN0.Mod)
11:01:18.544 [iec61850bean-server-thread-1] DEBUG com.beanit.iec61850bean.ServerAssociation - Got a GetDataValues request for node: NewIEDLDevice1/LLN0.Mod [CF]
NewIEDLDevice1/LLN0.Mod.ctlModel: 0
11:01:18.544 [iec61850bean-server-thread-1] DEBUG com.beanit.iec61850bean.ServerAssociation - sub BDA is:NewIEDLDevice1/LLN0.Mod.ctlModel: 0
calling GetDataValues(NewIEDLDevice1/LLN0.Mod.ctlModel)
11:01:18.545 [iec61850bean-server-thread-1] DEBUG com.beanit.iec61850bean.ServerAssociation - Got a GetDataValues request for node: NewIEDLDevice1/LLN0.Mod.ctlModel: 0
calling GetDataValues(NewIEDLDevice1/LLN0.Beh)
11:01:18.546 [iec61850bean-server-thread-1] DEBUG com.beanit.iec61850bean.ServerAssociation - Got a GetDataValues request for node: NewIEDLDevice1/LLN0.Beh [ST]
NewIEDLDevice1/LLN0.Beh.stVal: 0
NewIEDLDevice1/LLN0.Beh.q: 0000
NewIEDLDevice1/LLN0.Beh.t: 1970-01-01T00:00:00Z
11:01:18.547 [iec61850bean-server-thread-1] DEBUG com.beanit.iec61850bean.ServerAssociation - sub BDA is:NewIEDLDevice1/LLN0.Beh.stVal: 0
11:01:18.547 [iec61850bean-server-thread-1] DEBUG com.beanit.iec61850bean.ServerAssociation - sub BDA is:NewIEDLDevice1/LLN0.Beh.q: 0000
11:01:18.547 [iec61850bean-server-thread-1] DEBUG com.beanit.iec61850bean.ServerAssociation - sub BDA is:NewIEDLDevice1/LLN0.Beh.t: 1970-01-01T00:00:00Z
calling GetDataValues(NewIEDLDevice1/LLN0.Beh.stVal)
11:01:18.548 [iec61850bean-server-thread-1] DEBUG com.beanit.iec61850bean.ServerAssociation - Got a GetDataValues request for node: NewIEDLDevice1/LLN0.Beh.stVal: 0
calling GetDataValues(NewIEDLDevice1/LLN0.Beh.q)
11:01:18.549 [iec61850bean-server-thread-1] DEBUG com.beanit.iec61850bean.ServerAssociation - Got a GetDataValues request for node: NewIEDLDevice1/LLN0.Beh.q: 0000
calling GetDataValues(NewIEDLDevice1/LLN0.Beh.t)
11:01:18.550 [iec61850bean-server-thread-1] DEBUG com.beanit.iec61850bean.ServerAssociation - Got a GetDataValues request for node: NewIEDLDevice1/LLN0.Beh.t: 1970-01-01T00:00:00Z
calling GetDataValues(NewIEDLDevice1/LLN0.Health)
11:01:18.551 [iec61850bean-server-thread-1] DEBUG com.beanit.iec61850bean.ServerAssociation - Got a GetDataValues request for node: NewIEDLDevice1/LLN0.Health [ST]
NewIEDLDevice1/LLN0.Health.stVal: 0
NewIEDLDevice1/LLN0.Health.q: 0000
NewIEDLDevice1/LLN0.Health.t: 1970-01-01T00:00:00Z
11:01:18.551 [iec61850bean-server-thread-1] DEBUG com.beanit.iec61850bean.ServerAssociation - sub BDA is:NewIEDLDevice1/LLN0.Health.stVal: 0
11:01:18.552 [iec61850bean-server-thread-1] DEBUG com.beanit.iec61850bean.ServerAssociation - sub BDA is:NewIEDLDevice1/LLN0.Health.q: 0000
11:01:18.552 [iec61850bean-server-thread-1] DEBUG com.beanit.iec61850bean.ServerAssociation - sub BDA is:NewIEDLDevice1/LLN0.Health.t: 1970-01-01T00:00:00Z
calling GetDataValues(NewIEDLDevice1/LLN0.Health.stVal)
11:01:18.553 [iec61850bean-server-thread-1] DEBUG com.beanit.iec61850bean.ServerAssociation - Got a GetDataValues request for node: NewIEDLDevice1/LLN0.Health.stVal: 0
calling GetDataValues(NewIEDLDevice1/LLN0.Health.q)
11:01:18.554 [iec61850bean-server-thread-1] DEBUG com.beanit.iec61850bean.ServerAssociation - Got a GetDataValues request for node: NewIEDLDevice1/LLN0.Health.q: 0000
calling GetDataValues(NewIEDLDevice1/LLN0.Health.t)
11:01:18.555 [iec61850bean-server-thread-1] DEBUG com.beanit.iec61850bean.ServerAssociation - Got a GetDataValues request for node: NewIEDLDevice1/LLN0.Health.t: 1970-01-01T00:00:00Z
calling GetDataValues(NewIEDLDevice1/LLN0.NamPlt)
11:01:18.556 [iec61850bean-server-thread-1] DEBUG com.beanit.iec61850bean.ServerAssociation - Got a GetDataValues request for node: NewIEDLDevice1/LLN0.NamPlt [DC]
NewIEDLDevice1/LLN0.NamPlt.vendor: ''
NewIEDLDevice1/LLN0.NamPlt.swRev: ''
NewIEDLDevice1/LLN0.NamPlt.d: ''
NewIEDLDevice1/LLN0.NamPlt.configRev: ''
11:01:18.556 [iec61850bean-server-thread-1] DEBUG com.beanit.iec61850bean.ServerAssociation - sub BDA is:NewIEDLDevice1/LLN0.NamPlt.vendor: ''
11:01:18.556 [iec61850bean-server-thread-1] DEBUG com.beanit.iec61850bean.ServerAssociation - sub BDA is:NewIEDLDevice1/LLN0.NamPlt.swRev: ''
11:01:18.556 [iec61850bean-server-thread-1] DEBUG com.beanit.iec61850bean.ServerAssociation - sub BDA is:NewIEDLDevice1/LLN0.NamPlt.d: ''
11:01:18.557 [iec61850bean-server-thread-1] DEBUG com.beanit.iec61850bean.ServerAssociation - sub BDA is:NewIEDLDevice1/LLN0.NamPlt.configRev: ''
calling GetDataValues(NewIEDLDevice1/LLN0.NamPlt.vendor)
11:01:18.558 [iec61850bean-server-thread-1] DEBUG com.beanit.iec61850bean.ServerAssociation - Got a GetDataValues request for node: NewIEDLDevice1/LLN0.NamPlt.vendor: ''
calling GetDataValues(NewIEDLDevice1/LLN0.NamPlt.swRev)
11:01:18.559 [iec61850bean-server-thread-1] DEBUG com.beanit.iec61850bean.ServerAssociation - Got a GetDataValues request for node: NewIEDLDevice1/LLN0.NamPlt.swRev: ''
calling GetDataValues(NewIEDLDevice1/LLN0.NamPlt.d)
11:01:18.560 [iec61850bean-server-thread-1] DEBUG com.beanit.iec61850bean.ServerAssociation - Got a GetDataValues request for node: NewIEDLDevice1/LLN0.NamPlt.d: ''
calling GetDataValues(NewIEDLDevice1/LLN0.NamPlt.configRev)
11:01:18.560 [iec61850bean-server-thread-1] DEBUG com.beanit.iec61850bean.ServerAssociation - Got a GetDataValues request for node: NewIEDLDevice1/LLN0.NamPlt.configRev: ''
calling GetDataValues(NewIEDLDevice1/LLN0.TestOpenmuc)
11:01:18.562 [iec61850bean-server-thread-1] DEBUG com.beanit.iec61850bean.ServerAssociation - Got a GetDataValues request for node: NewIEDLDevice1/LLN0.TestOpenmuc [DC]
NewIEDLDevice1/LLN0.TestOpenmuc.stVal: 40
NewIEDLDevice1/LLN0.TestOpenmuc.q: 0200
NewIEDLDevice1/LLN0.TestOpenmuc.t: 0000
NewIEDLDevice1/LLN0.TestOpenmuc.stSeld: 00
NewIEDLDevice1/LLN0.TestOpenmuc.opRcvd: 04, data change: false, data update: false, quality change:false, integrity period: false, GI: true
NewIEDLDevice1/LLN0.TestOpenmuc.opOk: 441763200000
NewIEDLDevice1/LLN0.TestOpenmuc.tOpOk: []
NewIEDLDevice1/LLN0.TestOpenmuc.subEna: ''
NewIEDLDevice1/LLN0.TestOpenmuc.subVal: 
NewIEDLDevice1/LLN0.TestOpenmuc.subQ: 1970-01-01T00:00:00Z
NewIEDLDevice1/LLN0.TestOpenmuc.subID: false
NewIEDLDevice1/LLN0.TestOpenmuc.blkEna: 0.0
NewIEDLDevice1/LLN0.TestOpenmuc.ctlModel: 0.0
NewIEDLDevice1/LLN0.TestOpenmuc.sboTimeout: 0
NewIEDLDevice1/LLN0.TestOpenmuc.sboClass: 0
NewIEDLDevice1/LLN0.TestOpenmuc.operTimeout: 0
NewIEDLDevice1/LLN0.TestOpenmuc.d: 0
NewIEDLDevice1/LLN0.TestOpenmuc.dU: 0
NewIEDLDevice1/LLN0.TestOpenmuc.cdcNs: 0
NewIEDLDevice1/LLN0.TestOpenmuc.cdcName: 0
11:01:18.563 [iec61850bean-server-thread-1] DEBUG com.beanit.iec61850bean.ServerAssociation - sub BDA is:NewIEDLDevice1/LLN0.TestOpenmuc.stVal: 40
11:01:18.563 [iec61850bean-server-thread-1] DEBUG com.beanit.iec61850bean.ServerAssociation - sub BDA is:NewIEDLDevice1/LLN0.TestOpenmuc.q: 0200
11:01:18.563 [iec61850bean-server-thread-1] DEBUG com.beanit.iec61850bean.ServerAssociation - sub BDA is:NewIEDLDevice1/LLN0.TestOpenmuc.t: 0000
11:01:18.563 [iec61850bean-server-thread-1] DEBUG com.beanit.iec61850bean.ServerAssociation - sub BDA is:NewIEDLDevice1/LLN0.TestOpenmuc.stSeld: 00
11:01:18.564 [iec61850bean-server-thread-1] DEBUG com.beanit.iec61850bean.ServerAssociation - sub BDA is:NewIEDLDevice1/LLN0.TestOpenmuc.opRcvd: 04, data change: false, data update: false, quality change:false, integrity period: false, GI: true
11:01:18.564 [iec61850bean-server-thread-1] DEBUG com.beanit.iec61850bean.ServerAssociation - sub BDA is:NewIEDLDevice1/LLN0.TestOpenmuc.opOk: 441763200000
11:01:18.564 [iec61850bean-server-thread-1] DEBUG com.beanit.iec61850bean.ServerAssociation - sub BDA is:NewIEDLDevice1/LLN0.TestOpenmuc.tOpOk: []
11:01:18.564 [iec61850bean-server-thread-1] DEBUG com.beanit.iec61850bean.ServerAssociation - sub BDA is:NewIEDLDevice1/LLN0.TestOpenmuc.subEna: ''
11:01:18.564 [iec61850bean-server-thread-1] DEBUG com.beanit.iec61850bean.ServerAssociation - sub BDA is:NewIEDLDevice1/LLN0.TestOpenmuc.subVal: 
11:01:18.564 [iec61850bean-server-thread-1] DEBUG com.beanit.iec61850bean.ServerAssociation - sub BDA is:NewIEDLDevice1/LLN0.TestOpenmuc.subQ: 1970-01-01T00:00:00Z
11:01:18.564 [iec61850bean-server-thread-1] DEBUG com.beanit.iec61850bean.ServerAssociation - sub BDA is:NewIEDLDevice1/LLN0.TestOpenmuc.subID: false
11:01:18.565 [iec61850bean-server-thread-1] DEBUG com.beanit.iec61850bean.ServerAssociation - sub BDA is:NewIEDLDevice1/LLN0.TestOpenmuc.blkEna: 0.0
11:01:18.565 [iec61850bean-server-thread-1] DEBUG com.beanit.iec61850bean.ServerAssociation - sub BDA is:NewIEDLDevice1/LLN0.TestOpenmuc.ctlModel: 0.0
11:01:18.565 [iec61850bean-server-thread-1] DEBUG com.beanit.iec61850bean.ServerAssociation - sub BDA is:NewIEDLDevice1/LLN0.TestOpenmuc.sboTimeout: 0
11:01:18.565 [iec61850bean-server-thread-1] DEBUG com.beanit.iec61850bean.ServerAssociation - sub BDA is:NewIEDLDevice1/LLN0.TestOpenmuc.sboClass: 0
11:01:18.565 [iec61850bean-server-thread-1] DEBUG com.beanit.iec61850bean.ServerAssociation - sub BDA is:NewIEDLDevice1/LLN0.TestOpenmuc.operTimeout: 0
11:01:18.565 [iec61850bean-server-thread-1] DEBUG com.beanit.iec61850bean.ServerAssociation - sub BDA is:NewIEDLDevice1/LLN0.TestOpenmuc.d: 0
11:01:18.565 [iec61850bean-server-thread-1] DEBUG com.beanit.iec61850bean.ServerAssociation - sub BDA is:NewIEDLDevice1/LLN0.TestOpenmuc.dU: 0
11:01:18.566 [iec61850bean-server-thread-1] DEBUG com.beanit.iec61850bean.ServerAssociation - sub BDA is:NewIEDLDevice1/LLN0.TestOpenmuc.cdcNs: 0
11:01:18.566 [iec61850bean-server-thread-1] DEBUG com.beanit.iec61850bean.ServerAssociation - sub BDA is:NewIEDLDevice1/LLN0.TestOpenmuc.cdcName: 0
calling GetDataValues(NewIEDLDevice1/LLN0.TestOpenmuc.stVal)
11:01:18.570 [iec61850bean-server-thread-1] DEBUG com.beanit.iec61850bean.ServerAssociation - Got a GetDataValues request for node: NewIEDLDevice1/LLN0.TestOpenmuc.stVal: 40
calling GetDataValues(NewIEDLDevice1/LLN0.TestOpenmuc.q)
11:01:18.571 [iec61850bean-server-thread-1] DEBUG com.beanit.iec61850bean.ServerAssociation - Got a GetDataValues request for node: NewIEDLDevice1/LLN0.TestOpenmuc.q: 0200
calling GetDataValues(NewIEDLDevice1/LLN0.TestOpenmuc.t)
11:01:18.572 [iec61850bean-server-thread-1] DEBUG com.beanit.iec61850bean.ServerAssociation - Got a GetDataValues request for node: NewIEDLDevice1/LLN0.TestOpenmuc.t: 0000
calling GetDataValues(NewIEDLDevice1/LLN0.TestOpenmuc.stSeld)
11:01:18.573 [iec61850bean-server-thread-1] DEBUG com.beanit.iec61850bean.ServerAssociation - Got a GetDataValues request for node: NewIEDLDevice1/LLN0.TestOpenmuc.stSeld: 00
calling GetDataValues(NewIEDLDevice1/LLN0.TestOpenmuc.opRcvd)
11:01:18.574 [iec61850bean-server-thread-1] DEBUG com.beanit.iec61850bean.ServerAssociation - Got a GetDataValues request for node: NewIEDLDevice1/LLN0.TestOpenmuc.opRcvd: 04, data change: false, data update: false, quality change:false, integrity period: false, GI: true
calling GetDataValues(NewIEDLDevice1/LLN0.TestOpenmuc.opOk)
11:01:18.575 [iec61850bean-server-thread-1] DEBUG com.beanit.iec61850bean.ServerAssociation - Got a GetDataValues request for node: NewIEDLDevice1/LLN0.TestOpenmuc.opOk: 441763200000
calling GetDataValues(NewIEDLDevice1/LLN0.TestOpenmuc.tOpOk)
11:01:18.576 [iec61850bean-server-thread-1] DEBUG com.beanit.iec61850bean.ServerAssociation - Got a GetDataValues request for node: NewIEDLDevice1/LLN0.TestOpenmuc.tOpOk: []
calling GetDataValues(NewIEDLDevice1/LLN0.TestOpenmuc.subEna)
11:01:18.576 [iec61850bean-server-thread-1] DEBUG com.beanit.iec61850bean.ServerAssociation - Got a GetDataValues request for node: NewIEDLDevice1/LLN0.TestOpenmuc.subEna: ''
calling GetDataValues(NewIEDLDevice1/LLN0.TestOpenmuc.subVal)
11:01:18.577 [iec61850bean-server-thread-1] DEBUG com.beanit.iec61850bean.ServerAssociation - Got a GetDataValues request for node: NewIEDLDevice1/LLN0.TestOpenmuc.subVal: 
calling GetDataValues(NewIEDLDevice1/LLN0.TestOpenmuc.subQ)
11:01:18.578 [iec61850bean-server-thread-1] DEBUG com.beanit.iec61850bean.ServerAssociation - Got a GetDataValues request for node: NewIEDLDevice1/LLN0.TestOpenmuc.subQ: 1970-01-01T00:00:00Z
calling GetDataValues(NewIEDLDevice1/LLN0.TestOpenmuc.subID)
11:01:18.579 [iec61850bean-server-thread-1] DEBUG com.beanit.iec61850bean.ServerAssociation - Got a GetDataValues request for node: NewIEDLDevice1/LLN0.TestOpenmuc.subID: false
calling GetDataValues(NewIEDLDevice1/LLN0.TestOpenmuc.blkEna)
11:01:18.579 [iec61850bean-server-thread-1] DEBUG com.beanit.iec61850bean.ServerAssociation - Got a GetDataValues request for node: NewIEDLDevice1/LLN0.TestOpenmuc.blkEna: 0.0
calling GetDataValues(NewIEDLDevice1/LLN0.TestOpenmuc.ctlModel)
11:01:18.580 [iec61850bean-server-thread-1] DEBUG com.beanit.iec61850bean.ServerAssociation - Got a GetDataValues request for node: NewIEDLDevice1/LLN0.TestOpenmuc.ctlModel: 0.0
calling GetDataValues(NewIEDLDevice1/LLN0.TestOpenmuc.sboTimeout)
11:01:18.580 [iec61850bean-server-thread-1] DEBUG com.beanit.iec61850bean.ServerAssociation - Got a GetDataValues request for node: NewIEDLDevice1/LLN0.TestOpenmuc.sboTimeout: 0
calling GetDataValues(NewIEDLDevice1/LLN0.TestOpenmuc.sboClass)
11:01:18.581 [iec61850bean-server-thread-1] DEBUG com.beanit.iec61850bean.ServerAssociation - Got a GetDataValues request for node: NewIEDLDevice1/LLN0.TestOpenmuc.sboClass: 0
calling GetDataValues(NewIEDLDevice1/LLN0.TestOpenmuc.operTimeout)
11:01:18.582 [iec61850bean-server-thread-1] DEBUG com.beanit.iec61850bean.ServerAssociation - Got a GetDataValues request for node: NewIEDLDevice1/LLN0.TestOpenmuc.operTimeout: 0
calling GetDataValues(NewIEDLDevice1/LLN0.TestOpenmuc.d)
11:01:18.582 [iec61850bean-server-thread-1] DEBUG com.beanit.iec61850bean.ServerAssociation - Got a GetDataValues request for node: NewIEDLDevice1/LLN0.TestOpenmuc.d: 0
calling GetDataValues(NewIEDLDevice1/LLN0.TestOpenmuc.dU)
11:01:18.583 [iec61850bean-server-thread-1] DEBUG com.beanit.iec61850bean.ServerAssociation - Got a GetDataValues request for node: NewIEDLDevice1/LLN0.TestOpenmuc.dU: 0
calling GetDataValues(NewIEDLDevice1/LLN0.TestOpenmuc.cdcNs)
11:01:18.583 [iec61850bean-server-thread-1] DEBUG com.beanit.iec61850bean.ServerAssociation - Got a GetDataValues request for node: NewIEDLDevice1/LLN0.TestOpenmuc.cdcNs: 0
calling GetDataValues(NewIEDLDevice1/LLN0.TestOpenmuc.cdcName)
11:01:18.583 [iec61850bean-server-thread-1] DEBUG com.beanit.iec61850bean.ServerAssociation - Got a GetDataValues request for node: NewIEDLDevice1/LLN0.TestOpenmuc.cdcName: 0
11:01:18.595 [iec61850bean-server-thread-1] DEBUG com.beanit.iec61850bean.ServerAssociation - Got a Write request
11:01:18.596 [iec61850bean-server-thread-1] DEBUG com.beanit.iec61850bean.ServerAssociation - Got a SetDataValues request.
11:01:18.597 [iec61850bean-server-thread-1] DEBUG com.beanit.iec61850bean.ServerAssociation - Got a Write request
11:01:18.597 [iec61850bean-server-thread-1] DEBUG com.beanit.iec61850bean.ServerAssociation - Got a SetDataValues request.
11:01:18.597 [iec61850bean-server-thread-1] DEBUG com.beanit.iec61850bean.ServerAssociation - Got a Write request
11:01:18.597 [iec61850bean-server-thread-1] DEBUG com.beanit.iec61850bean.ServerAssociation - Got a SetDataValues request.
11:01:18.598 [iec61850bean-server-thread-1] DEBUG com.beanit.iec61850bean.ServerAssociation - Got a GetDataValues request for node: NewIEDLDevice1/LLN0.Mod.stVal: 0
11:01:18.600 [iec61850bean-server-thread-1] DEBUG com.beanit.iec61850bean.ServerAssociation - Got a GetDataValues request for node: NewIEDLDevice1/LLN0.Mod.q: 0000
11:01:18.601 [iec61850bean-server-thread-1] DEBUG com.beanit.iec61850bean.ServerAssociation - Got a GetDataValues request for node: NewIEDLDevice1/LLN0.Mod.t: 1970-01-01T00:00:00Z
11:01:18.602 [iec61850bean-server-thread-1] DEBUG com.beanit.iec61850bean.ServerAssociation - Got a GetDataValues request for node: NewIEDLDevice1/LLN0.Mod.ctlModel: 0
11:01:18.603 [iec61850bean-server-thread-1] DEBUG com.beanit.iec61850bean.ServerAssociation - Got a GetDataValues request for node: NewIEDLDevice1/LLN0.Beh.stVal: 0
11:01:18.603 [iec61850bean-server-thread-1] DEBUG com.beanit.iec61850bean.ServerAssociation - Got a GetDataValues request for node: NewIEDLDevice1/LLN0.Beh.q: 0000
11:01:18.604 [iec61850bean-server-thread-1] DEBUG com.beanit.iec61850bean.ServerAssociation - Got a GetDataValues request for node: NewIEDLDevice1/LLN0.Beh.t: 1970-01-01T00:00:00Z
11:01:18.605 [iec61850bean-server-thread-1] DEBUG com.beanit.iec61850bean.ServerAssociation - Got a GetDataValues request for node: NewIEDLDevice1/LLN0.Health.stVal: 0
11:01:18.605 [iec61850bean-server-thread-1] DEBUG com.beanit.iec61850bean.ServerAssociation - Got a GetDataValues request for node: NewIEDLDevice1/LLN0.Health.q: 0000
11:01:18.606 [iec61850bean-server-thread-1] DEBUG com.beanit.iec61850bean.ServerAssociation - Got a GetDataValues request for node: NewIEDLDevice1/LLN0.Health.t: 1970-01-01T00:00:00Z
11:01:18.607 [iec61850bean-server-thread-1] DEBUG com.beanit.iec61850bean.ServerAssociation - Got a GetDataValues request for node: NewIEDLDevice1/LLN0.NamPlt.vendor: ''
11:01:18.608 [iec61850bean-server-thread-1] DEBUG com.beanit.iec61850bean.ServerAssociation - Got a GetDataValues request for node: NewIEDLDevice1/LLN0.NamPlt.swRev: ''
11:01:18.609 [iec61850bean-server-thread-1] DEBUG com.beanit.iec61850bean.ServerAssociation - Got a GetDataValues request for node: NewIEDLDevice1/LLN0.NamPlt.d: ''
11:01:18.609 [iec61850bean-server-thread-1] DEBUG com.beanit.iec61850bean.ServerAssociation - Got a GetDataValues request for node: NewIEDLDevice1/LLN0.NamPlt.configRev: ''
11:01:18.610 [iec61850bean-server-thread-1] DEBUG com.beanit.iec61850bean.ServerAssociation - Got a GetDataValues request for node: NewIEDLDevice1/LLN0.TestOpenmuc.stVal: 44
11:01:18.611 [iec61850bean-server-thread-1] DEBUG com.beanit.iec61850bean.ServerAssociation - Got a GetDataValues request for node: NewIEDLDevice1/LLN0.TestOpenmuc.q: 0200
11:01:18.611 [iec61850bean-server-thread-1] DEBUG com.beanit.iec61850bean.ServerAssociation - Got a GetDataValues request for node: NewIEDLDevice1/LLN0.TestOpenmuc.t: 0000
11:01:18.612 [iec61850bean-server-thread-1] DEBUG com.beanit.iec61850bean.ServerAssociation - Got a GetDataValues request for node: NewIEDLDevice1/LLN0.TestOpenmuc.stSeld: 00
11:01:18.614 [iec61850bean-server-thread-1] DEBUG com.beanit.iec61850bean.ServerAssociation - Got a GetDataValues request for node: NewIEDLDevice1/LLN0.TestOpenmuc.opRcvd: 04, data change: false, data update: false, quality change:false, integrity period: false, GI: true
11:01:18.614 [iec61850bean-server-thread-1] DEBUG com.beanit.iec61850bean.ServerAssociation - Got a GetDataValues request for node: NewIEDLDevice1/LLN0.TestOpenmuc.opOk: 441763200000
11:01:18.615 [iec61850bean-server-thread-1] DEBUG com.beanit.iec61850bean.ServerAssociation - Got a GetDataValues request for node: NewIEDLDevice1/LLN0.TestOpenmuc.tOpOk: []
11:01:18.615 [iec61850bean-server-thread-1] DEBUG com.beanit.iec61850bean.ServerAssociation - Got a GetDataValues request for node: NewIEDLDevice1/LLN0.TestOpenmuc.subEna: ''
11:01:18.615 [iec61850bean-server-thread-1] DEBUG com.beanit.iec61850bean.ServerAssociation - Got a GetDataValues request for node: NewIEDLDevice1/LLN0.TestOpenmuc.subVal: 
11:01:18.616 [iec61850bean-server-thread-1] DEBUG com.beanit.iec61850bean.ServerAssociation - Got a GetDataValues request for node: NewIEDLDevice1/LLN0.TestOpenmuc.subQ: 1970-01-01T00:00:00Z
11:01:18.616 [iec61850bean-server-thread-1] DEBUG com.beanit.iec61850bean.ServerAssociation - Got a GetDataValues request for node: NewIEDLDevice1/LLN0.TestOpenmuc.subID: true
11:01:18.617 [iec61850bean-server-thread-1] DEBUG com.beanit.iec61850bean.ServerAssociation - Got a GetDataValues request for node: NewIEDLDevice1/LLN0.TestOpenmuc.blkEna: 12.5
11:01:18.618 [iec61850bean-server-thread-1] DEBUG com.beanit.iec61850bean.ServerAssociation - Got a GetDataValues request for node: NewIEDLDevice1/LLN0.TestOpenmuc.ctlModel: 0.0
11:01:18.619 [iec61850bean-server-thread-1] DEBUG com.beanit.iec61850bean.ServerAssociation - Got a GetDataValues request for node: NewIEDLDevice1/LLN0.TestOpenmuc.sboTimeout: 0
11:01:18.619 [iec61850bean-server-thread-1] DEBUG com.beanit.iec61850bean.ServerAssociation - Got a GetDataValues request for node: NewIEDLDevice1/LLN0.TestOpenmuc.sboClass: 0
11:01:18.620 [iec61850bean-server-thread-1] DEBUG com.beanit.iec61850bean.ServerAssociation - Got a GetDataValues request for node: NewIEDLDevice1/LLN0.TestOpenmuc.operTimeout: 0
11:01:18.620 [iec61850bean-server-thread-1] DEBUG com.beanit.iec61850bean.ServerAssociation - Got a GetDataValues request for node: NewIEDLDevice1/LLN0.TestOpenmuc.d: 0
11:01:18.621 [iec61850bean-server-thread-1] DEBUG com.beanit.iec61850bean.ServerAssociation - Got a GetDataValues request for node: NewIEDLDevice1/LLN0.TestOpenmuc.dU: 0
11:01:18.621 [iec61850bean-server-thread-1] DEBUG com.beanit.iec61850bean.ServerAssociation - Got a GetDataValues request for node: NewIEDLDevice1/LLN0.TestOpenmuc.cdcNs: 0
11:01:18.622 [iec61850bean-server-thread-1] DEBUG com.beanit.iec61850bean.ServerAssociation - Got a GetDataValues request for node: NewIEDLDevice1/LLN0.TestOpenmuc.cdcName: 0
11:01:18.630 [iec61850bean-server-thread-1] DEBUG com.beanit.iec61850bean.ServerAssociation - Connection was closed by client.
IED Server is running
Attempting to connect to server 127.0.0.1 on port 55473
calling GetDataValues(NewIEDLDevice1/LLN0.Mod)
11:01:18.655 [iec61850bean-server-thread-1] DEBUG com.beanit.iec61850bean.ServerAssociation - Got a GetDataValues request for node: NewIEDLDevice1/LLN0.Mod [ST]
NewIEDLDevice1/LLN0.Mod.stVal: 0
NewIEDLDevice1/LLN0.Mod.q: 0000
NewIEDLDevice1/LLN0.Mod.t: 1970-01-01T00:00:00Z
11:01:18.655 [iec61850bean-server-thread-1] DEBUG com.beanit.iec61850bean.ServerAssociation - sub BDA is:NewIEDLDevice1/LLN0.Mod.stVal: 0
11:01:18.655 [iec61850bean-server-thread-1] DEBUG com.beanit.iec61850bean.ServerAssociation - sub BDA is:NewIEDLDevice1/LLN0.Mod.q: 0000
11:01:18.655 [iec61850bean-server-thread-1] DEBUG com.beanit.iec61850bean.ServerAssociation - sub BDA is:NewIEDLDevice1/LLN0.Mod.t: 1970-01-01T00:00:00Z
calling GetDataValues(NewIEDLDevice1/LLN0.Mod.stVal)
11:01:18.656 [iec61850bean-server-thread-1] DEBUG com.beanit.iec61850bean.ServerAssociation - Got a GetDataValues request for node: NewIEDLDevice1/LLN0.Mod.stVal: 0
calling GetDataValues(NewIEDLDevice1/LLN0.Mod.q)
11:01:18.656 [iec61850bean-server-thread-1] DEBUG com.beanit.iec61850bean.ServerAssociation - Got a GetDataValues request for node: NewIEDLDevice1/LLN0.Mod.q: 0000
calling GetDataValues(NewIEDLDevice1/LLN0.Mod.t)
11:01:18.657 [iec61850bean-server-thread-1] DEBUG com.beanit.iec61850bean.ServerAssociation - Got a GetDataValues request for node: NewIEDLDevice1/LLN0.Mod.t: 1970-01-01T00:00:00Z
calling GetDataValues(NewIEDLDevice1/LLN0.Mod)
11:01:18.658 [iec61850bean-server-thread-1] DEBUG com.beanit.iec61850bean.ServerAssociation - Got a GetDataValues request for node: NewIEDLDevice1/LLN0.Mod [CF]
NewIEDLDevice1/LLN0.Mod.ctlModel: 0
11:01:18.658 [iec61850bean-server-thread-1] DEBUG com.beanit.iec61850bean.ServerAssociation - sub BDA is:NewIEDLDevice1/LLN0.Mod.ctlModel: 0
calling GetDataValues(NewIEDLDevice1/LLN0.Mod.ctlModel)
11:01:18.658 [iec61850bean-server-thread-1] DEBUG com.beanit.iec61850bean.ServerAssociation - Got a GetDataValues request for node: NewIEDLDevice1/LLN0.Mod.ctlModel: 0
calling GetDataValues(NewIEDLDevice1/LLN0.Beh)
11:01:18.659 [iec61850bean-server-thread-1] DEBUG com.beanit.iec61850bean.ServerAssociation - Got a GetDataValues request for node: NewIEDLDevice1/LLN0.Beh [ST]
NewIEDLDevice1/LLN0.Beh.stVal: 0
NewIEDLDevice1/LLN0.Beh.q: 0000
NewIEDLDevice1/LLN0.Beh.t: 1970-01-01T00:00:00Z
11:01:18.659 [iec61850bean-server-thread-1] DEBUG com.beanit.iec61850bean.ServerAssociation - sub BDA is:NewIEDLDevice1/LLN0.Beh.stVal: 0
11:01:18.659 [iec61850bean-server-thread-1] DEBUG com.beanit.iec61850bean.ServerAssociation - sub BDA is:NewIEDLDevice1/LLN0.Beh.q: 0000
11:01:18.659 [iec61850bean-server-thread-1] DEBUG com.beanit.iec61850bean.ServerAssociation - sub BDA is:NewIEDLDevice1/LLN0.Beh.t: 1970-01-01T00:00:00Z
calling GetDataValues(NewIEDLDevice1/LLN0.Beh.stVal)
11:01:18.660 [iec61850bean-server-thread-1] DEBUG com.beanit.iec61850bean.ServerAssociation - Got a GetDataValues request for node: NewIEDLDevice1/LLN0.Beh.stVal: 0
calling GetDataValues(NewIEDLDevice1/LLN0.Beh.q)
11:01:18.661 [iec61850bean-server-thread-1] DEBUG com.beanit.iec61850bean.ServerAssociation - Got a GetDataValues request for node: NewIEDLDevice1/LLN0.Beh.q: 0000
calling GetDataValues(NewIEDLDevice1/LLN0.Beh.t)
11:01:18.661 [iec61850bean-server-thread-1] DEBUG com.beanit.iec61850bean.ServerAssociation - Got a GetDataValues request for node: NewIEDLDevice1/LLN0.Beh.t: 1970-01-01T00:00:00Z
calling GetDataValues(NewIEDLDevice1/LLN0.Health)
11:01:18.662 [iec61850bean-server-thread-1] DEBUG com.beanit.iec61850bean.ServerAssociation - Got a GetDataValues request for node: NewIEDLDevice1/LLN0.Health [ST]
NewIEDLDevice1/LLN0.Health.stVal: 0
NewIEDLDevice1/LLN0.Health.q: 0000
NewIEDLDevice1/LLN0.Health.t: 1970-01-01T00:00:00Z
11:01:18.662 [iec61850bean-server-thread-1] DEBUG com.beanit.iec61850bean.ServerAssociation - sub BDA is:NewIEDLDevice1/LLN0.Health.stVal: 0
11:01:18.662 [iec61850bean-server-thread-1] DEBUG com.beanit.iec61850bean.ServerAssociation - sub BDA is:NewIEDLDevice1/LLN0.Health.q: 0000
11:01:18.662 [iec61850bean-server-thread-1] DEBUG com.beanit.iec61850bean.ServerAssociation - sub BDA is:NewIEDLDevice1/LLN0.Health.t: 1970-01-01T00:00:00Z
calling GetDataValues(NewIEDLDevice1/LLN0.Health.stVal)
11:01:18.663 [iec61850bean-server-thread-1] DEBUG com.beanit.iec61850bean.ServerAssociation - Got a GetDataValues request for node: NewIEDLDevice1/LLN0.Health.stVal: 0
calling GetDataValues(NewIEDLDevice1/LLN0.Health.q)
11:01:18.664 [iec61850bean-server-thread-1] DEBUG com.beanit.iec61850bean.ServerAssociation - Got a GetDataValues request for node: NewIEDLDevice1/LLN0.Health.q: 0000
calling GetDataValues(NewIEDLDevice1/LLN0.Health.t)
11:01:18.664 [iec61850bean-server-thread-1] DEBUG com.beanit.iec61850bean.ServerAssociation - Got a GetDataValues request for node: NewIEDLDevice1/LLN0.Health.t: 1970-01-01T00:00:00Z
calling GetDataValues(NewIEDLDevice1/LLN0.NamPlt)
11:01:18.665 [iec61850bean-server-thread-1] DEBUG com.beanit.iec61850bean.ServerAssociation - Got a GetDataValues request for node: NewIEDLDevice1/LLN0.NamPlt [DC]
NewIEDLDevice1/LLN0.NamPlt.vendor: ''
NewIEDLDevice1/LLN0.NamPlt.swRev: ''
NewIEDLDevice1/LLN0.NamPlt.d: ''
NewIEDLDevice1/LLN0.NamPlt.configRev: ''
11:01:18.665 [iec61850bean-server-thread-1] DEBUG com.beanit.iec61850bean.ServerAssociation - sub BDA is:NewIEDLDevice1/LLN0.NamPlt.vendor: ''
11:01:18.665 [iec61850bean-server-thread-1] DEBUG com.beanit.iec61850bean.ServerAssociation - sub BDA is:NewIEDLDevice1/LLN0.NamPlt.swRev: ''
11:01:18.666 [iec61850bean-server-thread-1] DEBUG com.beanit.iec61850bean.ServerAssociation - sub BDA is:NewIEDLDevice1/LLN0.NamPlt.d: ''
11:01:18.666 [iec61850bean-server-thread-1] DEBUG com.beanit.iec61850bean.ServerAssociation - sub BDA is:NewIEDLDevice1/LLN0.NamPlt.configRev: ''
calling GetDataValues(NewIEDLDevice1/LLN0.NamPlt.vendor)
11:01:18.666 [iec61850bean-server-thread-1] DEBUG com.beanit.iec61850bean.ServerAssociation - Got a GetDataValues request for node: NewIEDLDevice1/LLN0.NamPlt.vendor: ''
calling GetDataValues(NewIEDLDevice1/LLN0.NamPlt.swRev)
11:01:18.667 [iec61850bean-server-thread-1] DEBUG com.beanit.iec61850bean.ServerAssociation - Got a GetDataValues request for node: NewIEDLDevice1/LLN0.NamPlt.swRev: ''
calling GetDataValues(NewIEDLDevice1/LLN0.NamPlt.d)
11:01:18.667 [iec61850bean-server-thread-1] DEBUG com.beanit.iec61850bean.ServerAssociation - Got a GetDataValues request for node: NewIEDLDevice1/LLN0.NamPlt.d: ''
calling GetDataValues(NewIEDLDevice1/LLN0.NamPlt.configRev)
11:01:18.668 [iec61850bean-server-thread-1] DEBUG com.beanit.iec61850bean.ServerAssociation - Got a GetDataValues request for node: NewIEDLDevice1/LLN0.NamPlt.configRev: ''
calling GetDataValues(NewIEDLDevice1/LLN0.TestOpenmuc)
11:01:18.669 [iec61850bean-server-thread-1] DEBUG com.beanit.iec61850bean.ServerAssociation - Got a GetDataValues request for node: NewIEDLDevice1/LLN0.TestOpenmuc [DC]
NewIEDLDevice1/LLN0.TestOpenmuc.stVal: 40
NewIEDLDevice1/LLN0.TestOpenmuc.q: 0200
NewIEDLDevice1/LLN0.TestOpenmuc.t: 0000
NewIEDLDevice1/LLN0.TestOpenmuc.stSeld: 00
NewIEDLDevice1/LLN0.TestOpenmuc.opRcvd: 04, data change: false, data update: false, quality change:false, integrity period: false, GI: true
NewIEDLDevice1/LLN0.TestOpenmuc.opOk: 441763200000
NewIEDLDevice1/LLN0.TestOpenmuc.tOpOk: []
NewIEDLDevice1/LLN0.TestOpenmuc.subEna: ''
NewIEDLDevice1/LLN0.TestOpenmuc.subVal: 
NewIEDLDevice1/LLN0.TestOpenmuc.subQ: 1970-01-01T00:00:00Z
NewIEDLDevice1/LLN0.TestOpenmuc.subID: false
NewIEDLDevice1/LLN0.TestOpenmuc.blkEna: 0.0
NewIEDLDevice1/LLN0.TestOpenmuc.ctlModel: 0.0
NewIEDLDevice1/LLN0.TestOpenmuc.sboTimeout: 0
NewIEDLDevice1/LLN0.TestOpenmuc.sboClass: 0
NewIEDLDevice1/LLN0.TestOpenmuc.operTimeout: 0
NewIEDLDevice1/LLN0.TestOpenmuc.d: 0
NewIEDLDevice1/LLN0.TestOpenmuc.dU: 0
NewIEDLDevice1/LLN0.TestOpenmuc.cdcNs: 0
NewIEDLDevice1/LLN0.TestOpenmuc.cdcName: 0
11:01:18.669 [iec61850bean-server-thread-1] DEBUG com.beanit.iec61850bean.ServerAssociation - sub BDA is:NewIEDLDevice1/LLN0.TestOpenmuc.stVal: 40
11:01:18.669 [iec61850bean-server-thread-1] DEBUG com.beanit.iec61850bean.ServerAssociation - sub BDA is:NewIEDLDevice1/LLN0.TestOpenmuc.q: 0200
11:01:18.669 [iec61850bean-server-thread-1] DEBUG com.beanit.iec61850bean.ServerAssociation - sub BDA is:NewIEDLDevice1/LLN0.TestOpenmuc.t: 0000
11:01:18.669 [iec61850bean-server-thread-1] DEBUG com.beanit.iec61850bean.ServerAssociation - sub BDA is:NewIEDLDevice1/LLN0.TestOpenmuc.stSeld: 00
11:01:18.669 [iec61850bean-server-thread-1] DEBUG com.beanit.iec61850bean.ServerAssociation - sub BDA is:NewIEDLDevice1/LLN0.TestOpenmuc.opRcvd: 04, data change: false, data update: false, quality change:false, integrity period: false, GI: true
11:01:18.669 [iec61850bean-server-thread-1] DEBUG com.beanit.iec61850bean.ServerAssociation - sub BDA is:NewIEDLDevice1/LLN0.TestOpenmuc.opOk: 441763200000
11:01:18.669 [iec61850bean-server-thread-1] DEBUG com.beanit.iec61850bean.ServerAssociation - sub BDA is:NewIEDLDevice1/LLN0.TestOpenmuc.tOpOk: []
11:01:18.669 [iec61850bean-server-thread-1] DEBUG com.beanit.iec61850bean.ServerAssociation - sub BDA is:NewIEDLDevice1/LLN0.TestOpenmuc.subEna: ''
11:01:18.669 [iec61850bean-server-thread-1] DEBUG com.beanit.iec61850bean.ServerAssociation - sub BDA is:NewIEDLDevice1/LLN0.TestOpenmuc.subVal: 
11:01:18.669 [iec61850bean-server-thread-1] DEBUG com.beanit.iec61850bean.ServerAssociation - sub BDA is:NewIEDLDevice1/LLN0.TestOpenmuc.subQ: 1970-01-01T00:00:00Z
11:01:18.669 [iec61850bean-server-thread-1] DEBUG com.beanit.iec61850bean.ServerAssociation - sub BDA is:NewIEDLDevice1/LLN0.TestOpenmuc.subID: false
11:01:18.669 [iec61850bean-server-thread-1] DEBUG com.beanit.iec61850bean.ServerAssociation - sub BDA is:NewIEDLDevice1/LLN0.TestOpenmuc.blkEna: 0.0
11:01:18.670 [iec61850bean-server-thread-1] DEBUG com.beanit.iec61850bean.ServerAssociation - sub BDA is:NewIEDLDevice1/LLN0.TestOpenmuc.ctlModel: 0.0
11:01:18.670 [iec61850bean-server-thread-1] DEBUG com.beanit.iec61850bean.ServerAssociation - sub BDA is:NewIEDLDevice1/LLN0.TestOpenmuc.sboTimeout: 0
11:01:18.670 [iec61850bean-server-thread-1] DEBUG com.beanit.iec61850bean.ServerAssociation - sub BDA is:NewIEDLDevice1/LLN0.TestOpenmuc.sboClass: 0
11:01:18.670 [iec61850bean-server-thread-1] DEBUG com.beanit.iec61850bean.ServerAssociation - sub BDA is:NewIEDLDevice1/LLN0.TestOpenmuc.operTimeout: 0
11:01:18.670 [iec61850bean-server-thread-1] DEBUG com.beanit.iec61850bean.ServerAssociation - sub BDA is:NewIEDLDevice1/LLN0.TestOpenmuc.d: 0
11:01:18.670 [iec61850bean-server-thread-1] DEBUG com.beanit.iec61850bean.ServerAssociation - sub BDA is:NewIEDLDevice1/LLN0.TestOpenmuc.dU: 0
11:01:18.670 [iec61850bean-server-thread-1] DEBUG com.beanit.iec61850bean.ServerAssociation - sub BDA is:NewIEDLDevice1/LLN0.TestOpenmuc.cdcNs: 0
11:01:18.670 [iec61850bean-server-thread-1] DEBUG com.beanit.iec61850bean.ServerAssociation - sub BDA is:NewIEDLDevice1/LLN0.TestOpenmuc.cdcName: 0
calling GetDataValues(NewIEDLDevice1/LLN0.TestOpenmuc.stVal)
11:01:18.670 [iec61850bean-server-thread-1] DEBUG com.beanit.iec61850bean.ServerAssociation - Got a GetDataValues request for node: NewIEDLDevice1/LLN0.TestOpenmuc.stVal: 40
calling GetDataValues(NewIEDLDevice1/LLN0.TestOpenmuc.q)
11:01:18.671 [iec61850bean-server-thread-1] DEBUG com.beanit.iec61850bean.ServerAssociation - Got a GetDataValues request for node: NewIEDLDevice1/LLN0.TestOpenmuc.q: 0200
calling GetDataValues(NewIEDLDevice1/LLN0.TestOpenmuc.t)
11:01:18.672 [iec61850bean-server-thread-1] DEBUG com.beanit.iec61850bean.ServerAssociation - Got a GetDataValues request for node: NewIEDLDevice1/LLN0.TestOpenmuc.t: 0000
calling GetDataValues(NewIEDLDevice1/LLN0.TestOpenmuc.stSeld)
11:01:18.672 [iec61850bean-server-thread-1] DEBUG com.beanit.iec61850bean.ServerAssociation - Got a GetDataValues request for node: NewIEDLDevice1/LLN0.TestOpenmuc.stSeld: 00
calling GetDataValues(NewIEDLDevice1/LLN0.TestOpenmuc.opRcvd)
11:01:18.673 [iec61850bean-server-thread-1] DEBUG com.beanit.iec61850bean.ServerAssociation - Got a GetDataValues request for node: NewIEDLDevice1/LLN0.TestOpenmuc.opRcvd: 04, data change: false, data update: false, quality change:false, integrity period: false, GI: true
calling GetDataValues(NewIEDLDevice1/LLN0.TestOpenmuc.opOk)
11:01:18.673 [iec61850bean-server-thread-1] DEBUG com.beanit.iec61850bean.ServerAssociation - Got a GetDataValues request for node: NewIEDLDevice1/LLN0.TestOpenmuc.opOk: 441763200000
calling GetDataValues(NewIEDLDevice1/LLN0.TestOpenmuc.tOpOk)
11:01:18.674 [iec61850bean-server-thread-1] DEBUG com.beanit.iec61850bean.ServerAssociation - Got a GetDataValues request for node: NewIEDLDevice1/LLN0.TestOpenmuc.tOpOk: []
calling GetDataValues(NewIEDLDevice1/LLN0.TestOpenmuc.subEna)
11:01:18.674 [iec61850bean-server-thread-1] DEBUG com.beanit.iec61850bean.ServerAssociation - Got a GetDataValues request for node: NewIEDLDevice1/LLN0.TestOpenmuc.subEna: ''
calling GetDataValues(NewIEDLDevice1/LLN0.TestOpenmuc.subVal)
11:01:18.675 [iec61850bean-server-thread-1] DEBUG com.beanit.iec61850bean.ServerAssociation - Got a GetDataValues request for node: NewIEDLDevice1/LLN0.TestOpenmuc.subVal: 
calling GetDataValues(NewIEDLDevice1/LLN0.TestOpenmuc.subQ)
11:01:18.675 [iec61850bean-server-thread-1] DEBUG com.beanit.iec61850bean.ServerAssociation - Got a GetDataValues request for node: NewIEDLDevice1/LLN0.TestOpenmuc.subQ: 1970-01-01T00:00:00Z
calling GetDataValues(NewIEDLDevice1/LLN0.TestOpenmuc.subID)
11:01:18.676 [iec61850bean-server-thread-1] DEBUG com.beanit.iec61850bean.ServerAssociation - Got a GetDataValues request for node: NewIEDLDevice1/LLN0.TestOpenmuc.subID: false
calling GetDataValues(NewIEDLDevice1/LLN0.TestOpenmuc.blkEna)
11:01:18.676 [iec61850bean-server-thread-1] DEBUG com.beanit.iec61850bean.ServerAssociation - Got a GetDataValues request for node: NewIEDLDevice1/LLN0.TestOpenmuc.blkEna: 0.0
calling GetDataValues(NewIEDLDevice1/LLN0.TestOpenmuc.ctlModel)
11:01:18.676 [iec61850bean-server-thread-1] DEBUG com.beanit.iec61850bean.ServerAssociation - Got a GetDataValues request for node: NewIEDLDevice1/LLN0.TestOpenmuc.ctlModel: 0.0
calling GetDataValues(NewIEDLDevice1/LLN0.TestOpenmuc.sboTimeout)
11:01:18.677 [iec61850bean-server-thread-1] DEBUG com.beanit.iec61850bean.ServerAssociation - Got a GetDataValues request for node: NewIEDLDevice1/LLN0.TestOpenmuc.sboTimeout: 0
calling GetDataValues(NewIEDLDevice1/LLN0.TestOpenmuc.sboClass)
11:01:18.677 [iec61850bean-server-thread-1] DEBUG com.beanit.iec61850bean.ServerAssociation - Got a GetDataValues request for node: NewIEDLDevice1/LLN0.TestOpenmuc.sboClass: 0
calling GetDataValues(NewIEDLDevice1/LLN0.TestOpenmuc.operTimeout)
11:01:18.677 [iec61850bean-server-thread-1] DEBUG com.beanit.iec61850bean.ServerAssociation - Got a GetDataValues request for node: NewIEDLDevice1/LLN0.TestOpenmuc.operTimeout: 0
calling GetDataValues(NewIEDLDevice1/LLN0.TestOpenmuc.d)
11:01:18.678 [iec61850bean-server-thread-1] DEBUG com.beanit.iec61850bean.ServerAssociation - Got a GetDataValues request for node: NewIEDLDevice1/LLN0.TestOpenmuc.d: 0
calling GetDataValues(NewIEDLDevice1/LLN0.TestOpenmuc.dU)
11:01:18.679 [iec61850bean-server-thread-1] DEBUG com.beanit.iec61850bean.ServerAssociation - Got a GetDataValues request for node: NewIEDLDevice1/LLN0.TestOpenmuc.dU: 0
calling GetDataValues(NewIEDLDevice1/LLN0.TestOpenmuc.cdcNs)
11:01:18.679 [iec61850bean-server-thread-1] DEBUG com.beanit.iec61850bean.ServerAssociation - Got a GetDataValues request for node: NewIEDLDevice1/LLN0.TestOpenmuc.cdcNs: 0
calling GetDataValues(NewIEDLDevice1/LLN0.TestOpenmuc.cdcName)
11:01:18.679 [iec61850bean-server-thread-1] DEBUG com.beanit.iec61850bean.ServerAssociation - Got a GetDataValues request for node: NewIEDLDevice1/LLN0.TestOpenmuc.cdcName: 0
11:01:18.680 [iec61850bean-server-thread-1] DEBUG com.beanit.iec61850bean.ServerAssociation - Got a GetDataValues request for node: NewIEDLDevice1/LLN0.TestOpenmuc.stVal: 40
11:01:18.681 [iec61850bean-server-thread-1] DEBUG com.beanit.iec61850bean.ServerAssociation - Got a GetDataValues request for node: NewIEDLDevice1/LLN0.TestOpenmuc.q: 0200
11:01:18.681 [iec61850bean-server-thread-1] DEBUG com.beanit.iec61850bean.ServerAssociation - Got a GetDataValues request for node: NewIEDLDevice1/LLN0.TestOpenmuc.t: 0000
11:01:18.681 [iec61850bean-server-thread-1] DEBUG com.beanit.iec61850bean.ServerAssociation - Got a GetDataValues request for node: NewIEDLDevice1/LLN0.TestOpenmuc.stSeld: 00
11:01:18.681 [iec61850bean-server-thread-1] DEBUG com.beanit.iec61850bean.ServerAssociation - Got a GetDataValues request for node: NewIEDLDevice1/LLN0.TestOpenmuc.opRcvd: 04, data change: false, data update: false, quality change:false, integrity period: false, GI: true
11:01:18.681 [iec61850bean-server-thread-1] DEBUG com.beanit.iec61850bean.ServerAssociation - Got a GetDataValues request for node: NewIEDLDevice1/LLN0.TestOpenmuc.opOk: 441763200000
11:01:18.682 [iec61850bean-server-thread-1] DEBUG com.beanit.iec61850bean.ServerAssociation - Got a GetDataValues request for node: NewIEDLDevice1/LLN0.TestOpenmuc.tOpOk: []
11:01:18.682 [iec61850bean-server-thread-1] DEBUG com.beanit.iec61850bean.ServerAssociation - Got a GetDataValues request for node: NewIEDLDevice1/LLN0.TestOpenmuc.subEna: ''
11:01:18.682 [iec61850bean-server-thread-1] DEBUG com.beanit.iec61850bean.ServerAssociation - Got a GetDataValues request for node: NewIEDLDevice1/LLN0.TestOpenmuc.subVal: 
11:01:18.683 [iec61850bean-server-thread-1] DEBUG com.beanit.iec61850bean.ServerAssociation - Got a GetDataValues request for node: NewIEDLDevice1/LLN0.TestOpenmuc.subQ: 1970-01-01T00:00:00Z
11:01:18.683 [iec61850bean-server-thread-1] DEBUG com.beanit.iec61850bean.ServerAssociation - Got a GetDataValues request for node: NewIEDLDevice1/LLN0.TestOpenmuc.subID: false
11:01:18.684 [iec61850bean-server-thread-1] DEBUG com.beanit.iec61850bean.ServerAssociation - Got a GetDataValues request for node: NewIEDLDevice1/LLN0.TestOpenmuc.blkEna: 0.0
11:01:18.685 [iec61850bean-server-thread-1] DEBUG com.beanit.iec61850bean.ServerAssociation - Got a GetDataValues request for node: NewIEDLDevice1/LLN0.TestOpenmuc.ctlModel: 0.0
11:01:18.685 [iec61850bean-server-thread-1] DEBUG com.beanit.iec61850bean.ServerAssociation - Got a GetDataValues request for node: NewIEDLDevice1/LLN0.TestOpenmuc.sboTimeout: 0
11:01:18.686 [iec61850bean-server-thread-1] DEBUG com.beanit.iec61850bean.ServerAssociation - Got a GetDataValues request for node: NewIEDLDevice1/LLN0.TestOpenmuc.sboClass: 0
11:01:18.686 [iec61850bean-server-thread-1] DEBUG com.beanit.iec61850bean.ServerAssociation - Got a GetDataValues request for node: NewIEDLDevice1/LLN0.TestOpenmuc.operTimeout: 0
11:01:18.687 [iec61850bean-server-thread-1] DEBUG com.beanit.iec61850bean.ServerAssociation - Got a GetDataValues request for node: NewIEDLDevice1/LLN0.TestOpenmuc.d: 0
11:01:18.687 [iec61850bean-server-thread-1] DEBUG com.beanit.iec61850bean.ServerAssociation - Got a GetDataValues request for node: NewIEDLDevice1/LLN0.TestOpenmuc.dU: 0
11:01:18.688 [iec61850bean-server-thread-1] DEBUG com.beanit.iec61850bean.ServerAssociation - Got a GetDataValues request for node: NewIEDLDevice1/LLN0.TestOpenmuc.cdcNs: 0
11:01:18.688 [iec61850bean-server-thread-1] DEBUG com.beanit.iec61850bean.ServerAssociation - Got a GetDataValues request for node: NewIEDLDevice1/LLN0.TestOpenmuc.cdcName: 0
recordContainer:value: [64]; timestamp: 1762833678680; flag: VALID
recordContainer:value: [64]; timestamp: 1762833678680; flag: VALID
11:01:18.689 [iec61850bean-server-thread-1] DEBUG com.beanit.iec61850bean.ServerAssociation - Connection was closed by client.
IED Server is running
Attempting to connect to server 127.0.0.1 on port 56811
calling GetDataValues(NewIEDLDevice1/LLN0.Mod)
11:01:18.704 [iec61850bean-server-thread-1] DEBUG com.beanit.iec61850bean.ServerAssociation - Got a GetDataValues request for node: NewIEDLDevice1/LLN0.Mod [ST]
NewIEDLDevice1/LLN0.Mod.stVal: 0
NewIEDLDevice1/LLN0.Mod.q: 0000
NewIEDLDevice1/LLN0.Mod.t: 1970-01-01T00:00:00Z
11:01:18.704 [iec61850bean-server-thread-1] DEBUG com.beanit.iec61850bean.ServerAssociation - sub BDA is:NewIEDLDevice1/LLN0.Mod.stVal: 0
11:01:18.704 [iec61850bean-server-thread-1] DEBUG com.beanit.iec61850bean.ServerAssociation - sub BDA is:NewIEDLDevice1/LLN0.Mod.q: 0000
11:01:18.705 [iec61850bean-server-thread-1] DEBUG com.beanit.iec61850bean.ServerAssociation - sub BDA is:NewIEDLDevice1/LLN0.Mod.t: 1970-01-01T00:00:00Z
calling GetDataValues(NewIEDLDevice1/LLN0.Mod.stVal)
11:01:18.705 [iec61850bean-server-thread-1] DEBUG com.beanit.iec61850bean.ServerAssociation - Got a GetDataValues request for node: NewIEDLDevice1/LLN0.Mod.stVal: 0
calling GetDataValues(NewIEDLDevice1/LLN0.Mod.q)
11:01:18.706 [iec61850bean-server-thread-1] DEBUG com.beanit.iec61850bean.ServerAssociation - Got a GetDataValues request for node: NewIEDLDevice1/LLN0.Mod.q: 0000
calling GetDataValues(NewIEDLDevice1/LLN0.Mod.t)
11:01:18.706 [iec61850bean-server-thread-1] DEBUG com.beanit.iec61850bean.ServerAssociation - Got a GetDataValues request for node: NewIEDLDevice1/LLN0.Mod.t: 1970-01-01T00:00:00Z
calling GetDataValues(NewIEDLDevice1/LLN0.Mod)
11:01:18.707 [iec61850bean-server-thread-1] DEBUG com.beanit.iec61850bean.ServerAssociation - Got a GetDataValues request for node: NewIEDLDevice1/LLN0.Mod [CF]
NewIEDLDevice1/LLN0.Mod.ctlModel: 0
11:01:18.707 [iec61850bean-server-thread-1] DEBUG com.beanit.iec61850bean.ServerAssociation - sub BDA is:NewIEDLDevice1/LLN0.Mod.ctlModel: 0
calling GetDataValues(NewIEDLDevice1/LLN0.Mod.ctlModel)
11:01:18.708 [iec61850bean-server-thread-1] DEBUG com.beanit.iec61850bean.ServerAssociation - Got a GetDataValues request for node: NewIEDLDevice1/LLN0.Mod.ctlModel: 0
calling GetDataValues(NewIEDLDevice1/LLN0.Beh)
11:01:18.709 [iec61850bean-server-thread-1] DEBUG com.beanit.iec61850bean.ServerAssociation - Got a GetDataValues request for node: NewIEDLDevice1/LLN0.Beh [ST]
NewIEDLDevice1/LLN0.Beh.stVal: 0
NewIEDLDevice1/LLN0.Beh.q: 0000
NewIEDLDevice1/LLN0.Beh.t: 1970-01-01T00:00:00Z
11:01:18.709 [iec61850bean-server-thread-1] DEBUG com.beanit.iec61850bean.ServerAssociation - sub BDA is:NewIEDLDevice1/LLN0.Beh.stVal: 0
11:01:18.709 [iec61850bean-server-thread-1] DEBUG com.beanit.iec61850bean.ServerAssociation - sub BDA is:NewIEDLDevice1/LLN0.Beh.q: 0000
11:01:18.709 [iec61850bean-server-thread-1] DEBUG com.beanit.iec61850bean.ServerAssociation - sub BDA is:NewIEDLDevice1/LLN0.Beh.t: 1970-01-01T00:00:00Z
calling GetDataValues(NewIEDLDevice1/LLN0.Beh.stVal)
11:01:18.710 [iec61850bean-server-thread-1] DEBUG com.beanit.iec61850bean.ServerAssociation - Got a GetDataValues request for node: NewIEDLDevice1/LLN0.Beh.stVal: 0
calling GetDataValues(NewIEDLDevice1/LLN0.Beh.q)
11:01:18.710 [iec61850bean-server-thread-1] DEBUG com.beanit.iec61850bean.ServerAssociation - Got a GetDataValues request for node: NewIEDLDevice1/LLN0.Beh.q: 0000
calling GetDataValues(NewIEDLDevice1/LLN0.Beh.t)
11:01:18.711 [iec61850bean-server-thread-1] DEBUG com.beanit.iec61850bean.ServerAssociation - Got a GetDataValues request for node: NewIEDLDevice1/LLN0.Beh.t: 1970-01-01T00:00:00Z
calling GetDataValues(NewIEDLDevice1/LLN0.Health)
11:01:18.711 [iec61850bean-server-thread-1] DEBUG com.beanit.iec61850bean.ServerAssociation - Got a GetDataValues request for node: NewIEDLDevice1/LLN0.Health [ST]
NewIEDLDevice1/LLN0.Health.stVal: 0
NewIEDLDevice1/LLN0.Health.q: 0000
NewIEDLDevice1/LLN0.Health.t: 1970-01-01T00:00:00Z
11:01:18.711 [iec61850bean-server-thread-1] DEBUG com.beanit.iec61850bean.ServerAssociation - sub BDA is:NewIEDLDevice1/LLN0.Health.stVal: 0
11:01:18.712 [iec61850bean-server-thread-1] DEBUG com.beanit.iec61850bean.ServerAssociation - sub BDA is:NewIEDLDevice1/LLN0.Health.q: 0000
11:01:18.712 [iec61850bean-server-thread-1] DEBUG com.beanit.iec61850bean.ServerAssociation - sub BDA is:NewIEDLDevice1/LLN0.Health.t: 1970-01-01T00:00:00Z
calling GetDataValues(NewIEDLDevice1/LLN0.Health.stVal)
11:01:18.712 [iec61850bean-server-thread-1] DEBUG com.beanit.iec61850bean.ServerAssociation - Got a GetDataValues request for node: NewIEDLDevice1/LLN0.Health.stVal: 0
calling GetDataValues(NewIEDLDevice1/LLN0.Health.q)
11:01:18.713 [iec61850bean-server-thread-1] DEBUG com.beanit.iec61850bean.ServerAssociation - Got a GetDataValues request for node: NewIEDLDevice1/LLN0.Health.q: 0000
calling GetDataValues(NewIEDLDevice1/LLN0.Health.t)
11:01:18.714 [iec61850bean-server-thread-1] DEBUG com.beanit.iec61850bean.ServerAssociation - Got a GetDataValues request for node: NewIEDLDevice1/LLN0.Health.t: 1970-01-01T00:00:00Z
calling GetDataValues(NewIEDLDevice1/LLN0.NamPlt)
11:01:18.714 [iec61850bean-server-thread-1] DEBUG com.beanit.iec61850bean.ServerAssociation - Got a GetDataValues request for node: NewIEDLDevice1/LLN0.NamPlt [DC]
NewIEDLDevice1/LLN0.NamPlt.vendor: ''
NewIEDLDevice1/LLN0.NamPlt.swRev: ''
NewIEDLDevice1/LLN0.NamPlt.d: ''
NewIEDLDevice1/LLN0.NamPlt.configRev: ''
11:01:18.714 [iec61850bean-server-thread-1] DEBUG com.beanit.iec61850bean.ServerAssociation - sub BDA is:NewIEDLDevice1/LLN0.NamPlt.vendor: ''
11:01:18.714 [iec61850bean-server-thread-1] DEBUG com.beanit.iec61850bean.ServerAssociation - sub BDA is:NewIEDLDevice1/LLN0.NamPlt.swRev: ''
11:01:18.715 [iec61850bean-server-thread-1] DEBUG com.beanit.iec61850bean.ServerAssociation - sub BDA is:NewIEDLDevice1/LLN0.NamPlt.d: ''
11:01:18.715 [iec61850bean-server-thread-1] DEBUG com.beanit.iec61850bean.ServerAssociation - sub BDA is:NewIEDLDevice1/LLN0.NamPlt.configRev: ''
calling GetDataValues(NewIEDLDevice1/LLN0.NamPlt.vendor)
11:01:18.715 [iec61850bean-server-thread-1] DEBUG com.beanit.iec61850bean.ServerAssociation - Got a GetDataValues request for node: NewIEDLDevice1/LLN0.NamPlt.vendor: ''
calling GetDataValues(NewIEDLDevice1/LLN0.NamPlt.swRev)
11:01:18.716 [iec61850bean-server-thread-1] DEBUG com.beanit.iec61850bean.ServerAssociation - Got a GetDataValues request for node: NewIEDLDevice1/LLN0.NamPlt.swRev: ''
calling GetDataValues(NewIEDLDevice1/LLN0.NamPlt.d)
11:01:18.716 [iec61850bean-server-thread-1] DEBUG com.beanit.iec61850bean.ServerAssociation - Got a GetDataValues request for node: NewIEDLDevice1/LLN0.NamPlt.d: ''
calling GetDataValues(NewIEDLDevice1/LLN0.NamPlt.configRev)
11:01:18.717 [iec61850bean-server-thread-1] DEBUG com.beanit.iec61850bean.ServerAssociation - Got a GetDataValues request for node: NewIEDLDevice1/LLN0.NamPlt.configRev: ''
calling GetDataValues(NewIEDLDevice1/LLN0.TestOpenmuc)
11:01:18.718 [iec61850bean-server-thread-1] DEBUG com.beanit.iec61850bean.ServerAssociation - Got a GetDataValues request for node: NewIEDLDevice1/LLN0.TestOpenmuc [DC]
NewIEDLDevice1/LLN0.TestOpenmuc.stVal: 40
NewIEDLDevice1/LLN0.TestOpenmuc.q: 0200
NewIEDLDevice1/LLN0.TestOpenmuc.t: 0000
NewIEDLDevice1/LLN0.TestOpenmuc.stSeld: 00
NewIEDLDevice1/LLN0.TestOpenmuc.opRcvd: 04, data change: false, data update: false, quality change:false, integrity period: false, GI: true
NewIEDLDevice1/LLN0.TestOpenmuc.opOk: 441763200000
NewIEDLDevice1/LLN0.TestOpenmuc.tOpOk: []
NewIEDLDevice1/LLN0.TestOpenmuc.subEna: ''
NewIEDLDevice1/LLN0.TestOpenmuc.subVal: 
NewIEDLDevice1/LLN0.TestOpenmuc.subQ: 1970-01-01T00:00:00Z
NewIEDLDevice1/LLN0.TestOpenmuc.subID: false
NewIEDLDevice1/LLN0.TestOpenmuc.blkEna: 0.0
NewIEDLDevice1/LLN0.TestOpenmuc.ctlModel: 0.0
NewIEDLDevice1/LLN0.TestOpenmuc.sboTimeout: 0
NewIEDLDevice1/LLN0.TestOpenmuc.sboClass: 0
NewIEDLDevice1/LLN0.TestOpenmuc.operTimeout: 0
NewIEDLDevice1/LLN0.TestOpenmuc.d: 0
NewIEDLDevice1/LLN0.TestOpenmuc.dU: 0
NewIEDLDevice1/LLN0.TestOpenmuc.cdcNs: 0
NewIEDLDevice1/LLN0.TestOpenmuc.cdcName: 0
11:01:18.718 [iec61850bean-server-thread-1] DEBUG com.beanit.iec61850bean.ServerAssociation - sub BDA is:NewIEDLDevice1/LLN0.TestOpenmuc.stVal: 40
11:01:18.718 [iec61850bean-server-thread-1] DEBUG com.beanit.iec61850bean.ServerAssociation - sub BDA is:NewIEDLDevice1/LLN0.TestOpenmuc.q: 0200
11:01:18.719 [iec61850bean-server-thread-1] DEBUG com.beanit.iec61850bean.ServerAssociation - sub BDA is:NewIEDLDevice1/LLN0.TestOpenmuc.t: 0000
11:01:18.719 [iec61850bean-server-thread-1] DEBUG com.beanit.iec61850bean.ServerAssociation - sub BDA is:NewIEDLDevice1/LLN0.TestOpenmuc.stSeld: 00
11:01:18.719 [iec61850bean-server-thread-1] DEBUG com.beanit.iec61850bean.ServerAssociation - sub BDA is:NewIEDLDevice1/LLN0.TestOpenmuc.opRcvd: 04, data change: false, data update: false, quality change:false, integrity period: false, GI: true
11:01:18.719 [iec61850bean-server-thread-1] DEBUG com.beanit.iec61850bean.ServerAssociation - sub BDA is:NewIEDLDevice1/LLN0.TestOpenmuc.opOk: 441763200000
11:01:18.719 [iec61850bean-server-thread-1] DEBUG com.beanit.iec61850bean.ServerAssociation - sub BDA is:NewIEDLDevice1/LLN0.TestOpenmuc.tOpOk: []
11:01:18.719 [iec61850bean-server-thread-1] DEBUG com.beanit.iec61850bean.ServerAssociation - sub BDA is:NewIEDLDevice1/LLN0.TestOpenmuc.subEna: ''
11:01:18.719 [iec61850bean-server-thread-1] DEBUG com.beanit.iec61850bean.ServerAssociation - sub BDA is:NewIEDLDevice1/LLN0.TestOpenmuc.subVal: 
11:01:18.719 [iec61850bean-server-thread-1] DEBUG com.beanit.iec61850bean.ServerAssociation - sub BDA is:NewIEDLDevice1/LLN0.TestOpenmuc.subQ: 1970-01-01T00:00:00Z
11:01:18.719 [iec61850bean-server-thread-1] DEBUG com.beanit.iec61850bean.ServerAssociation - sub BDA is:NewIEDLDevice1/LLN0.TestOpenmuc.subID: false
11:01:18.719 [iec61850bean-server-thread-1] DEBUG com.beanit.iec61850bean.ServerAssociation - sub BDA is:NewIEDLDevice1/LLN0.TestOpenmuc.blkEna: 0.0
11:01:18.720 [iec61850bean-server-thread-1] DEBUG com.beanit.iec61850bean.ServerAssociation - sub BDA is:NewIEDLDevice1/LLN0.TestOpenmuc.ctlModel: 0.0
11:01:18.720 [iec61850bean-server-thread-1] DEBUG com.beanit.iec61850bean.ServerAssociation - sub BDA is:NewIEDLDevice1/LLN0.TestOpenmuc.sboTimeout: 0
11:01:18.720 [iec61850bean-server-thread-1] DEBUG com.beanit.iec61850bean.ServerAssociation - sub BDA is:NewIEDLDevice1/LLN0.TestOpenmuc.sboClass: 0
11:01:18.720 [iec61850bean-server-thread-1] DEBUG com.beanit.iec61850bean.ServerAssociation - sub BDA is:NewIEDLDevice1/LLN0.TestOpenmuc.operTimeout: 0
11:01:18.720 [iec61850bean-server-thread-1] DEBUG com.beanit.iec61850bean.ServerAssociation - sub BDA is:NewIEDLDevice1/LLN0.TestOpenmuc.d: 0
11:01:18.720 [iec61850bean-server-thread-1] DEBUG com.beanit.iec61850bean.ServerAssociation - sub BDA is:NewIEDLDevice1/LLN0.TestOpenmuc.dU: 0
11:01:18.720 [iec61850bean-server-thread-1] DEBUG com.beanit.iec61850bean.ServerAssociation - sub BDA is:NewIEDLDevice1/LLN0.TestOpenmuc.cdcNs: 0
11:01:18.720 [iec61850bean-server-thread-1] DEBUG com.beanit.iec61850bean.ServerAssociation - sub BDA is:NewIEDLDevice1/LLN0.TestOpenmuc.cdcName: 0
calling GetDataValues(NewIEDLDevice1/LLN0.TestOpenmuc.stVal)
11:01:18.721 [iec61850bean-server-thread-1] DEBUG com.beanit.iec61850bean.ServerAssociation - Got a GetDataValues request for node: NewIEDLDevice1/LLN0.TestOpenmuc.stVal: 40
calling GetDataValues(NewIEDLDevice1/LLN0.TestOpenmuc.q)
11:01:18.722 [iec61850bean-server-thread-1] DEBUG com.beanit.iec61850bean.ServerAssociation - Got a GetDataValues request for node: NewIEDLDevice1/LLN0.TestOpenmuc.q: 0200
calling GetDataValues(NewIEDLDevice1/LLN0.TestOpenmuc.t)
11:01:18.722 [iec61850bean-server-thread-1] DEBUG com.beanit.iec61850bean.ServerAssociation - Got a GetDataValues request for node: NewIEDLDevice1/LLN0.TestOpenmuc.t: 0000
calling GetDataValues(NewIEDLDevice1/LLN0.TestOpenmuc.stSeld)
11:01:18.723 [iec61850bean-server-thread-1] DEBUG com.beanit.iec61850bean.ServerAssociation - Got a GetDataValues request for node: NewIEDLDevice1/LLN0.TestOpenmuc.stSeld: 00
calling GetDataValues(NewIEDLDevice1/LLN0.TestOpenmuc.opRcvd)
11:01:18.723 [iec61850bean-server-thread-1] DEBUG com.beanit.iec61850bean.ServerAssociation - Got a GetDataValues request for node: NewIEDLDevice1/LLN0.TestOpenmuc.opRcvd: 04, data change: false, data update: false, quality change:false, integrity period: false, GI: true
calling GetDataValues(NewIEDLDevice1/LLN0.TestOpenmuc.opOk)
11:01:18.724 [iec61850bean-server-thread-1] DEBUG com.beanit.iec61850bean.ServerAssociation - Got a GetDataValues request for node: NewIEDLDevice1/LLN0.TestOpenmuc.opOk: 441763200000
calling GetDataValues(NewIEDLDevice1/LLN0.TestOpenmuc.tOpOk)
11:01:18.724 [iec61850bean-server-thread-1] DEBUG com.beanit.iec61850bean.ServerAssociation - Got a GetDataValues request for node: NewIEDLDevice1/LLN0.TestOpenmuc.tOpOk: []
calling GetDataValues(NewIEDLDevice1/LLN0.TestOpenmuc.subEna)
11:01:18.725 [iec61850bean-server-thread-1] DEBUG com.beanit.iec61850bean.ServerAssociation - Got a GetDataValues request for node: NewIEDLDevice1/LLN0.TestOpenmuc.subEna: ''
calling GetDataValues(NewIEDLDevice1/LLN0.TestOpenmuc.subVal)
11:01:18.726 [iec61850bean-server-thread-1] DEBUG com.beanit.iec61850bean.ServerAssociation - Got a GetDataValues request for node: NewIEDLDevice1/LLN0.TestOpenmuc.subVal: 
calling GetDataValues(NewIEDLDevice1/LLN0.TestOpenmuc.subQ)
11:01:18.726 [iec61850bean-server-thread-1] DEBUG com.beanit.iec61850bean.ServerAssociation - Got a GetDataValues request for node: NewIEDLDevice1/LLN0.TestOpenmuc.subQ: 1970-01-01T00:00:00Z
calling GetDataValues(NewIEDLDevice1/LLN0.TestOpenmuc.subID)
11:01:18.727 [iec61850bean-server-thread-1] DEBUG com.beanit.iec61850bean.ServerAssociation - Got a GetDataValues request for node: NewIEDLDevice1/LLN0.TestOpenmuc.subID: false
calling GetDataValues(NewIEDLDevice1/LLN0.TestOpenmuc.blkEna)
11:01:18.727 [iec61850bean-server-thread-1] DEBUG com.beanit.iec61850bean.ServerAssociation - Got a GetDataValues request for node: NewIEDLDevice1/LLN0.TestOpenmuc.blkEna: 0.0
calling GetDataValues(NewIEDLDevice1/LLN0.TestOpenmuc.ctlModel)
11:01:18.728 [iec61850bean-server-thread-1] DEBUG com.beanit.iec61850bean.ServerAssociation - Got a GetDataValues request for node: NewIEDLDevice1/LLN0.TestOpenmuc.ctlModel: 0.0
calling GetDataValues(NewIEDLDevice1/LLN0.TestOpenmuc.sboTimeout)
11:01:18.728 [iec61850bean-server-thread-1] DEBUG com.beanit.iec61850bean.ServerAssociation - Got a GetDataValues request for node: NewIEDLDevice1/LLN0.TestOpenmuc.sboTimeout: 0
calling GetDataValues(NewIEDLDevice1/LLN0.TestOpenmuc.sboClass)
11:01:18.729 [iec61850bean-server-thread-1] DEBUG com.beanit.iec61850bean.ServerAssociation - Got a GetDataValues request for node: NewIEDLDevice1/LLN0.TestOpenmuc.sboClass: 0
calling GetDataValues(NewIEDLDevice1/LLN0.TestOpenmuc.operTimeout)
11:01:18.729 [iec61850bean-server-thread-1] DEBUG com.beanit.iec61850bean.ServerAssociation - Got a GetDataValues request for node: NewIEDLDevice1/LLN0.TestOpenmuc.operTimeout: 0
calling GetDataValues(NewIEDLDevice1/LLN0.TestOpenmuc.d)
11:01:18.730 [iec61850bean-server-thread-1] DEBUG com.beanit.iec61850bean.ServerAssociation - Got a GetDataValues request for node: NewIEDLDevice1/LLN0.TestOpenmuc.d: 0
calling GetDataValues(NewIEDLDevice1/LLN0.TestOpenmuc.dU)
11:01:18.730 [iec61850bean-server-thread-1] DEBUG com.beanit.iec61850bean.ServerAssociation - Got a GetDataValues request for node: NewIEDLDevice1/LLN0.TestOpenmuc.dU: 0
calling GetDataValues(NewIEDLDevice1/LLN0.TestOpenmuc.cdcNs)
11:01:18.730 [iec61850bean-server-thread-1] DEBUG com.beanit.iec61850bean.ServerAssociation - Got a GetDataValues request for node: NewIEDLDevice1/LLN0.TestOpenmuc.cdcNs: 0
calling GetDataValues(NewIEDLDevice1/LLN0.TestOpenmuc.cdcName)
11:01:18.731 [iec61850bean-server-thread-1] DEBUG com.beanit.iec61850bean.ServerAssociation - Got a GetDataValues request for node: NewIEDLDevice1/LLN0.TestOpenmuc.cdcName: 0
NewIEDLDevice1/LLN0.TestOpenmuc.stVal:DC
NewIEDLDevice1/LLN0.TestOpenmuc.q:DC
NewIEDLDevice1/LLN0.TestOpenmuc.t:DC
NewIEDLDevice1/LLN0.TestOpenmuc.stSeld:DC
NewIEDLDevice1/LLN0.TestOpenmuc.opRcvd:DC
NewIEDLDevice1/LLN0.TestOpenmuc.opOk:DC
NewIEDLDevice1/LLN0.TestOpenmuc.tOpOk:DC
NewIEDLDevice1/LLN0.TestOpenmuc.subEna:DC
NewIEDLDevice1/LLN0.TestOpenmuc.subVal:DC
11:01:18.732 [iec61850bean-server-thread-1] DEBUG com.beanit.iec61850bean.ServerAssociation - Connection was closed by client.
]]></system-out>
  <system-err><![CDATA[]]></system-err>
</testsuite>
