<?xml version="1.0" encoding="UTF-8"?>
<testsuite name="org.openmuc.framework.datalogger.ascii.test.MiscTests" tests="3" skipped="0" failures="0" errors="0" timestamp="2025-11-11T04:00:55" hostname="shou-ThinkPad-E14-Gen-5" time="0.003">
  <properties/>
  <testcase name="testByteArrayConversion()" classname="org.openmuc.framework.datalogger.ascii.test.MiscTests" time="0.0"/>
  <testcase name="testDoubleFormattingOk()" classname="org.openmuc.framework.datalogger.ascii.test.MiscTests" time="0.001"/>
  <testcase name="testWrongScalingException()" classname="org.openmuc.framework.datalogger.ascii.test.MiscTests" time="0.0"/>
  <system-out><![CDATA[### Begin test testDoubleFormattingOk
-9.9999999E7 --> -99999999 -99999999
-1000000.123 --> -1000000 -1000000
-100000.123 --> -100000.1 -100000.1
-10000.123 --> -10000.12 -10000.12
-9999.999 --> -9999.999 -9999.999
-1000.123 --> -1000.123 -1000.123
-10.123 --> -10.123 -10.123
-10.0 --> -10.000 -10.000
-1.0 --> -1.000 -1.000
-0.0 --> +0.000 +0.000
0.0 --> +0.000 +0.000
1.0 --> +1.000 +1.000
10.0 --> +10.000 +10.000
10.123 --> +10.123 +10.123
1000.123 --> +1000.123 +1000.123
9999.999 --> +9999.999 +9999.999
10000.123 --> +10000.12 +10000.12
100000.123 --> +100000.1 +100000.1
1000000.123 --> +1000000 +1000000
9.9999999E7 --> +99999999 +99999999
### Begin test testWrongScalingException
tearing down
]]></system-out>
  <system-err><![CDATA[]]></system-err>
</testsuite>
