<?xml version="1.0" encoding="UTF-8"?>
<testsuite name="org.openmuc.framework.datalogger.ascii.test.LogFileWriterTest" tests="2" skipped="0" failures="0" errors="0" timestamp="2025-11-11T04:00:55" hostname="shou-ThinkPad-E14-Gen-5" time="0.005">
  <properties/>
  <testcase name="tc301_check_file_fill_up_at_logging()" classname="org.openmuc.framework.datalogger.ascii.test.LogFileWriterTest" time="0.003"/>
  <testcase name="tc300_check_if_new_file_is_created_on_day_change()" classname="org.openmuc.framework.datalogger.ascii.test.LogFileWriterTest" time="0.001"/>
  <system-out><![CDATA[### Setup() LogFileWriterTest
11:00:55.483 [Test worker] ERROR org.openmuc.framework.datalogger.ascii.LogFileWriter - Wrong character: String contains separator character: ;	
11:00:55.484 [Test worker] ERROR org.openmuc.framework.datalogger.ascii.LogFileWriter - Wrong character: String contains separator character: ;	
11:00:55.485 [Test worker] ERROR org.openmuc.framework.datalogger.ascii.LogFileWriter - Wrong character: String contains separator character: ;	
11:00:55.485 [Test worker] ERROR org.openmuc.framework.datalogger.ascii.LogFileWriter - Wrong character: String contains separator character: ;	
11:00:55.486 [Test worker] ERROR org.openmuc.framework.datalogger.ascii.LogFileWriter - Wrong character: String contains separator character: ;	
11:00:55.486 [Test worker] ERROR org.openmuc.framework.datalogger.ascii.LogFileWriter - Wrong character: String contains separator character: ;	
11:00:55.486 [Test worker] ERROR org.openmuc.framework.datalogger.ascii.LogFileWriter - Wrong character: String contains separator character: ;	
11:00:55.487 [Test worker] ERROR org.openmuc.framework.datalogger.ascii.LogFileWriter - Wrong character: String contains separator character: ;	
11:00:55.487 [Test worker] ERROR org.openmuc.framework.datalogger.ascii.LogFileWriter - Wrong character: String contains separator character: ;	
11:00:55.487 [Test worker] ERROR org.openmuc.framework.datalogger.ascii.LogFileWriter - Wrong character: String contains separator character: ;	
11:00:55.488 [Test worker] ERROR org.openmuc.framework.datalogger.ascii.LogFileWriter - Wrong character: String contains separator character: ;	
11:00:55.488 [Test worker] ERROR org.openmuc.framework.datalogger.ascii.LogFileWriter - Wrong character: String contains separator character: ;	
11:00:55.489 [Test worker] ERROR org.openmuc.framework.datalogger.ascii.LogFileWriter - Wrong character: String contains separator character: ;	
11:00:55.489 [Test worker] ERROR org.openmuc.framework.datalogger.ascii.LogFileWriter - Wrong character: String contains separator character: ;	
11:00:55.489 [Test worker] ERROR org.openmuc.framework.datalogger.ascii.LogFileWriter - Wrong character: String contains separator character: ;	
11:00:55.490 [Test worker] ERROR org.openmuc.framework.datalogger.ascii.LogFileWriter - Wrong character: String contains separator character: ;	
11:00:55.490 [Test worker] ERROR org.openmuc.framework.datalogger.ascii.LogFileWriter - Wrong character: String contains separator character: ;	
11:00:55.490 [Test worker] ERROR org.openmuc.framework.datalogger.ascii.LogFileWriter - Wrong character: String contains separator character: ;	
11:00:55.491 [Test worker] ERROR org.openmuc.framework.datalogger.ascii.LogFileWriter - Wrong character: String contains separator character: ;	
11:00:55.491 [Test worker] ERROR org.openmuc.framework.datalogger.ascii.LogFileWriter - Wrong character: String contains separator character: ;	
11:00:55.491 [Test worker] ERROR org.openmuc.framework.datalogger.ascii.LogFileWriter - Wrong character: String contains separator character: ;	
11:00:55.491 [Test worker] ERROR org.openmuc.framework.datalogger.ascii.LogFileWriter - Wrong character: String contains separator character: ;	
11:00:55.492 [Test worker] ERROR org.openmuc.framework.datalogger.ascii.LogFileWriter - Wrong character: String contains separator character: ;	
11:00:55.492 [Test worker] ERROR org.openmuc.framework.datalogger.ascii.LogFileWriter - Wrong character: String contains separator character: ;	
11:00:55.492 [Test worker] ERROR org.openmuc.framework.datalogger.ascii.LogFileWriter - Wrong character: String contains separator character: ;	
11:00:55.493 [Test worker] ERROR org.openmuc.framework.datalogger.ascii.LogFileWriter - Wrong character: String contains separator character: ;	
11:00:55.493 [Test worker] ERROR org.openmuc.framework.datalogger.ascii.LogFileWriter - Wrong character: String contains separator character: ;	
11:00:55.493 [Test worker] ERROR org.openmuc.framework.datalogger.ascii.LogFileWriter - Wrong character: String contains separator character: ;	
11:00:55.494 [Test worker] ERROR org.openmuc.framework.datalogger.ascii.LogFileWriter - Wrong character: String contains separator character: ;	
11:00:55.494 [Test worker] ERROR org.openmuc.framework.datalogger.ascii.LogFileWriter - Wrong character: String contains separator character: ;	
### Begin test tc301_check_file_fill_up_at_logging
tc301_check_file_fill_up_at_logging
 records = 5 (5 expected)
 records with error flag 32 = 4 (4 expected)
### Begin test tc300_check_if_new_file_is_created_on_day_change
tc300_check_if_new_file_is_created_on_day_change
 /home/shou/ATEnergy/BMS/openmuc-0.20.1/openmuc/projects/datalogger/ascii/test/20880808_10000.dat
 /home/shou/ATEnergy/BMS/openmuc-0.20.1/openmuc/projects/datalogger/ascii/test/20880809_10000.dat
 Two files created = true
tearing down
]]></system-out>
  <system-err><![CDATA[]]></system-err>
</testsuite>
