<?xml version="1.0" encoding="UTF-8"?>
<testsuite name="org.openmuc.framework.datalogger.ascii.test.LogFileReaderTestBrokenFile" tests="2" skipped="0" failures="0" errors="0" timestamp="2025-11-11T04:00:55" hostname="shou-ThinkPad-E14-Gen-5" time="0.063">
  <properties/>
  <testcase name="tc203_no_file_in_directory()" classname="org.openmuc.framework.datalogger.ascii.test.LogFileReaderTestBrokenFile" time="0.054"/>
  <testcase name="tc200_logfile_does_not_exist()" classname="org.openmuc.framework.datalogger.ascii.test.LogFileReaderTestBrokenFile" time="0.008"/>
  <system-out><![CDATA[11:00:55.229 [Test worker] ERROR org.openmuc.framework.datalogger.ascii.utils.LoggerUtils - No file found in /home/shou/ATEnergy/BMS/openmuc-0.20.1/openmuc/projects/datalogger/ascii/test/
### Begin test tc200_logfile_does_not_exist
11:00:55.247 [Test worker] WARN org.openmuc.framework.datalogger.ascii.utils.LoggerUtils - Requested logfile: '/home/shou/ATEnergy/BMS/openmuc-0.20.1/openmuc/projects/datalogger/ascii/test/20131201_1000.dat' not found.
tc200_logfile_does_not_exist records = 0 (0 expected)
tearing down
Method deleteRecursive(): Path does not exists. /home/shou/ATEnergy/BMS/openmuc-0.20.1/openmuc/projects/datalogger/ascii/test
]]></system-out>
  <system-err><![CDATA[]]></system-err>
</testsuite>
