<?xml version="1.0" encoding="UTF-8"?>
<testsuite name="org.openmuc.framework.driver.channelmath.MathDriverTest" tests="15" skipped="0" failures="0" errors="0" timestamp="2025-11-11T04:01:21" hostname="shou-ThinkPad-E14-Gen-5" time="7.085">
  <properties/>
  <testcase name="patternWorks_1Channel_4()" classname="org.openmuc.framework.driver.channelmath.MathDriverTest" time="0.003"/>
  <testcase name="patternWorks_1Channel_3()" classname="org.openmuc.framework.driver.channelmath.MathDriverTest" time="0.004"/>
  <testcase name="patternWorks_1Channel_2()" classname="org.openmuc.framework.driver.channelmath.MathDriverTest" time="0.001"/>
  <testcase name="patternWorks_fiveChannels()" classname="org.openmuc.framework.driver.channelmath.MathDriverTest" time="0.004"/>
  <testcase name="patternWorks_oneChannel2()" classname="org.openmuc.framework.driver.channelmath.MathDriverTest" time="0.004"/>
  <testcase name="patternWorks_1Channel()" classname="org.openmuc.framework.driver.channelmath.MathDriverTest" time="0.002"/>
  <testcase name="test_channelIdentifierExtraction_badChannel()" classname="org.openmuc.framework.driver.channelmath.MathDriverTest" time="0.007"/>
  <testcase name="test_channelIdentifierExtraction_badChannel2()" classname="org.openmuc.framework.driver.channelmath.MathDriverTest" time="0.584"/>
  <testcase name="badFormulasAreLoggedToErrorLog()" classname="org.openmuc.framework.driver.channelmath.MathDriverTest" time="1.231"/>
  <testcase name="testAddingTwoChannels()" classname="org.openmuc.framework.driver.channelmath.MathDriverTest" time="1.525"/>
  <testcase name="oldMeasurementsAreNotMergedWithNewMeasurements()" classname="org.openmuc.framework.driver.channelmath.MathDriverTest" time="2.021"/>
  <testcase name="testSubstractingTwoChannels()" classname="org.openmuc.framework.driver.channelmath.MathDriverTest" time="2.022"/>
  <testcase name="test_stackingChannels_is_not_allowed()" classname="org.openmuc.framework.driver.channelmath.MathDriverTest" time="2.534"/>
  <testcase name="regressionTest()" classname="org.openmuc.framework.driver.channelmath.MathDriverTest" time="2.77"/>
  <testcase name="parsingIsNotDoneEveryTime()" classname="org.openmuc.framework.driver.channelmath.MathDriverTest" time="7.086"/>
  <system-out><![CDATA[11:01:21.561 [ForkJoinPool-1-worker-7] INFO org.openmuc.framework.core.datamanager.DataManagerAccessor - Using file /home/shou/ATEnergy/BMS/openmuc-0.20.1/openmuc/projects/driver/math/build/resources/test/sum.xml
11:01:21.562 [ForkJoinPool-1-worker-7] INFO org.openmuc.framework.core.datamanager.DataManager - Activating Data Manager with config /home/shou/ATEnergy/BMS/openmuc-0.20.1/openmuc/projects/driver/math/build/resources/test/sum.xml
11:01:21.563 [ForkJoinPool-1-worker-3] INFO org.openmuc.framework.core.datamanager.DataManagerAccessor - Using file /home/shou/ATEnergy/BMS/openmuc-0.20.1/openmuc/projects/driver/math/build/resources/test/sum.xml
11:01:21.564 [ForkJoinPool-1-worker-3] INFO org.openmuc.framework.core.datamanager.DataManager - Activating Data Manager with config /home/shou/ATEnergy/BMS/openmuc-0.20.1/openmuc/projects/driver/math/build/resources/test/sum.xml
11:01:21.565 [ForkJoinPool-1-worker-11] INFO org.openmuc.framework.core.datamanager.DataManagerAccessor - Using file /home/shou/ATEnergy/BMS/openmuc-0.20.1/openmuc/projects/driver/math/build/resources/test/mantissaExponent.xml
11:01:21.566 [ForkJoinPool-1-worker-11] INFO org.openmuc.framework.core.datamanager.DataManager - Activating Data Manager with config /home/shou/ATEnergy/BMS/openmuc-0.20.1/openmuc/projects/driver/math/build/resources/test/mantissaExponent.xml
11:01:21.563 [ForkJoinPool-1-worker-12] INFO org.openmuc.framework.core.datamanager.DataManagerAccessor - Using file /home/shou/ATEnergy/BMS/openmuc-0.20.1/openmuc/projects/driver/math/build/resources/test/stacked-sum.xml
11:01:21.567 [ForkJoinPool-1-worker-12] INFO org.openmuc.framework.core.datamanager.DataManager - Activating Data Manager with config /home/shou/ATEnergy/BMS/openmuc-0.20.1/openmuc/projects/driver/math/build/resources/test/stacked-sum.xml
11:01:21.566 [ForkJoinPool-1-worker-9] INFO org.openmuc.framework.core.datamanager.DataManagerAccessor - Using file /home/shou/ATEnergy/BMS/openmuc-0.20.1/openmuc/projects/driver/math/build/resources/test/difference.xml
11:01:21.568 [ForkJoinPool-1-worker-9] INFO org.openmuc.framework.core.datamanager.DataManager - Activating Data Manager with config /home/shou/ATEnergy/BMS/openmuc-0.20.1/openmuc/projects/driver/math/build/resources/test/difference.xml
11:01:21.568 [ForkJoinPool-1-worker-1] WARN org.openmuc.framework.core.datamanager.Device - No driver bundle available for configured driver: 'math'.
11:01:21.566 [ForkJoinPool-1-worker-5] INFO org.openmuc.framework.core.datamanager.DataManagerAccessor - Using file /home/shou/ATEnergy/BMS/openmuc-0.20.1/openmuc/projects/driver/math/build/resources/test/difference.xml
11:01:21.569 [ForkJoinPool-1-worker-7] WARN org.openmuc.framework.core.datamanager.Device - No driver bundle available for configured driver: 'math'.
11:01:21.569 [ForkJoinPool-1-worker-5] INFO org.openmuc.framework.core.datamanager.DataManager - Activating Data Manager with config /home/shou/ATEnergy/BMS/openmuc-0.20.1/openmuc/projects/driver/math/build/resources/test/difference.xml
11:01:21.571 [ForkJoinPool-1-worker-3] WARN org.openmuc.framework.core.datamanager.Device - No driver bundle available for configured driver: 'math'.
11:01:21.570 [ForkJoinPool-1-worker-9] WARN org.openmuc.framework.core.datamanager.Device - No driver bundle available for configured driver: 'math'.
11:01:21.572 [ForkJoinPool-1-worker-8] INFO org.openmuc.framework.core.datamanager.DataManagerAccessor - Using file /home/shou/ATEnergy/BMS/openmuc-0.20.1/openmuc/projects/driver/math/build/resources/test/mantissaExponent-wrong-formula.xml
11:01:21.572 [ForkJoinPool-1-worker-8] INFO org.openmuc.framework.core.datamanager.DataManager - Activating Data Manager with config /home/shou/ATEnergy/BMS/openmuc-0.20.1/openmuc/projects/driver/math/build/resources/test/mantissaExponent-wrong-formula.xml
11:01:21.572 [ForkJoinPool-1-worker-11] WARN org.openmuc.framework.core.datamanager.Device - No driver bundle available for configured driver: 'math'.
11:01:21.573 [ForkJoinPool-1-worker-12] WARN org.openmuc.framework.core.datamanager.Device - No driver bundle available for configured driver: 'math'.
11:01:21.574 [ForkJoinPool-1-worker-5] WARN org.openmuc.framework.core.datamanager.Device - No driver bundle available for configured driver: 'math'.
11:01:21.577 [ForkJoinPool-1-worker-8] WARN org.openmuc.framework.core.datamanager.Device - No driver bundle available for configured driver: 'math'.
11:01:21.580 [ForkJoinPool-1-worker-5] WARN org.openmuc.framework.core.datamanager.Device - No driver bundle available for configured driver: 'virtual'.
11:01:21.580 [ForkJoinPool-1-worker-3] WARN org.openmuc.framework.core.datamanager.Device - No driver bundle available for configured driver: 'virtual'.
11:01:21.580 [ForkJoinPool-1-worker-1] WARN org.openmuc.framework.core.datamanager.Device - No driver bundle available for configured driver: 'virtual'.
11:01:21.580 [ForkJoinPool-1-worker-9] WARN org.openmuc.framework.core.datamanager.Device - No driver bundle available for configured driver: 'virtual'.
11:01:21.580 [ForkJoinPool-1-worker-12] WARN org.openmuc.framework.core.datamanager.Device - No driver bundle available for configured driver: 'virtual'.
11:01:21.580 [ForkJoinPool-1-worker-7] WARN org.openmuc.framework.core.datamanager.Device - No driver bundle available for configured driver: 'virtual'.
11:01:21.581 [ForkJoinPool-1-worker-8] WARN org.openmuc.framework.core.datamanager.Device - No driver bundle available for configured driver: 'csv'.
11:01:21.581 [ForkJoinPool-1-worker-11] WARN org.openmuc.framework.core.datamanager.Device - No driver bundle available for configured driver: 'csv'.
11:01:21.582 [ForkJoinPool-1-worker-8] DEBUG org.openmuc.framework.driver.channelmath.MathDriver - Set data access service with {0} channels
11:01:21.582 [ForkJoinPool-1-worker-3] DEBUG org.openmuc.framework.driver.channelmath.MathDriver - Set data access service with {0} channels
11:01:21.582 [ForkJoinPool-1-worker-1] DEBUG org.openmuc.framework.driver.channelmath.MathDriver - Set data access service with {0} channels
11:01:21.582 [ForkJoinPool-1-worker-5] DEBUG org.openmuc.framework.driver.channelmath.MathDriver - Set data access service with {0} channels
11:01:21.582 [ForkJoinPool-1-worker-9] DEBUG org.openmuc.framework.driver.channelmath.MathDriver - Set data access service with {0} channels
11:01:21.586 [OpenMUC Data Manager] INFO org.openmuc.framework.core.datamanager.DataManager - Driver registered: math
11:01:21.586 [OpenMUC Data Manager] INFO org.openmuc.framework.core.datamanager.DataManager - Driver registered: math
11:01:21.586 [OpenMUC Data Manager] INFO org.openmuc.framework.core.datamanager.DataManager - Driver registered: math
11:01:23.000 [OpenMUC Data Manager Pool - thread-1] DEBUG org.openmuc.framework.driver.channelmath.MathDriver - Processing container of channelId 'SUM'
11:01:23.001 [OpenMUC Data Manager Pool - thread-1] DEBUG org.openmuc.framework.driver.channelmath.MathDriver - Processing container of channelId 'timestamp_averaging_channel'
11:01:23.000 [OpenMUC Data Manager Pool - thread-1] DEBUG org.openmuc.framework.driver.channelmath.MathDriver - Processing container of channelId 'Meter_01_p_tot'
11:01:23.000 [OpenMUC Data Manager Pool - thread-1] DEBUG org.openmuc.framework.driver.channelmath.MathDriver - Processing container of channelId 'DIFF'
11:01:23.002 [OpenMUC Data Manager Pool - thread-1] ERROR org.openmuc.framework.driver.channelmath.MathDriver - Unable to parse formula of channelId='Meter_01_p_tot':Error parsing '§Meter_01_raw_p_tot_mant§*(10^§Meter_01_raw_p_tot_exp)§': Channel 'Meter_01_raw_p_tot_exp)' not found.
11:01:23.001 [OpenMUC Data Manager Pool - thread-1] DEBUG org.openmuc.framework.driver.channelmath.MathDriver - Processing container of channelId 'SUM'
11:01:23.001 [OpenMUC Data Manager Pool - thread-1] DEBUG org.openmuc.framework.driver.channelmath.MathEvaluator - Using cached channels
11:01:23.001 [OpenMUC Data Manager Pool - thread-1] DEBUG org.openmuc.framework.driver.channelmath.MathDriver - Processing container of channelId 'DIFF'
11:01:23.002 [OpenMUC Data Manager Pool - thread-1] WARN org.openmuc.framework.driver.channelmath.MathDriver - Unable to read from channelId=timestamp_averaging_channel with reason MathChannelReadExcpetion:Read bad latest record value: null; timestamp: null; flag: SAMPLING_AND_LISTENING_DISABLED (flag is not valid) from channel Const_3. Aborting processing.. Skipping value calculation.
11:01:23.004 [OpenMUC Data Manager Pool - thread-1] DEBUG org.openmuc.framework.driver.channelmath.MathEvaluator - Using cached channels
11:01:23.002 [OpenMUC Data Manager Pool - thread-1] DEBUG org.openmuc.framework.driver.channelmath.MathDriver - Processing container of channelId 'SUM'
11:01:23.004 [OpenMUC Data Manager Pool - thread-1] DEBUG org.openmuc.framework.driver.channelmath.MathEvaluator - Successfully replaced all channel references by their values. Input formula={0}, only values formula={1}, used channels={2}.
11:01:23.002 [OpenMUC Data Manager Pool - thread-1] DEBUG org.openmuc.framework.driver.channelmath.MathEvaluator - Using cached channels
11:01:23.003 [OpenMUC Data Manager Pool - thread-2] DEBUG org.openmuc.framework.driver.channelmath.MathDriver - Processing container of channelId 'Meter_01_p_tot'
11:01:23.003 [OpenMUC Data Manager Pool - thread-1] DEBUG org.openmuc.framework.driver.channelmath.MathEvaluator - Using cached channels
11:01:23.003 [OpenMUC Data Manager Pool - thread-1] DEBUG org.openmuc.framework.driver.channelmath.MathEvaluator - Successfully replaced all channel references by their values. Input formula={0}, only values formula={1}, used channels={2}.
11:01:23.004 [OpenMUC Data Manager Pool - thread-1] DEBUG org.openmuc.framework.driver.channelmath.MathDriver - Processing container of channelId 'timestamp_newer_channel'
11:01:23.006 [OpenMUC Data Manager Pool - thread-1] DEBUG org.openmuc.framework.driver.channelmath.MathEvaluator - Successfully replaced all channel references by their values. Input formula={0}, only values formula={1}, used channels={2}.
11:01:23.006 [OpenMUC Data Manager Pool - thread-1] DEBUG org.openmuc.framework.driver.channelmath.MathDriver - Updated cache with channels=[Channel with id=Const_3, Channel with id=Const_5]
11:01:23.005 [OpenMUC Data Manager Pool - thread-1] DEBUG org.openmuc.framework.driver.channelmath.MathEvaluator - Successfully replaced all channel references by their values. Input formula={0}, only values formula={1}, used channels={2}.
11:01:23.005 [OpenMUC Data Manager Pool - thread-1] DEBUG org.openmuc.framework.driver.channelmath.MathDriver - Updated cache with channels=[Channel with id=Const_5, Channel with id=Const_3]
11:01:23.006 [OpenMUC Data Manager Pool - thread-1] DEBUG org.openmuc.framework.driver.channelmath.MathEvaluator - Successfully replaced all channel references by their values. Input formula={0}, only values formula={1}, used channels={2}.
11:01:23.007 [OpenMUC Data Manager Pool - thread-1] DEBUG org.openmuc.framework.driver.channelmath.MathDriver - Updated cache with channels=[Channel with id=Const_5, Channel with id=Const_3]
11:01:23.006 [OpenMUC Data Manager Pool - thread-2] DEBUG org.openmuc.framework.driver.channelmath.MathEvaluator - Successfully replaced all channel references by their values. Input formula={0}, only values formula={1}, used channels={2}.
11:01:23.006 [OpenMUC Data Manager Pool - thread-1] WARN org.openmuc.framework.driver.channelmath.MathDriver - Unable to read from channelId=timestamp_newer_channel with reason MathChannelReadExcpetion:Read bad latest record value: null; timestamp: null; flag: SAMPLING_AND_LISTENING_DISABLED (flag is not valid) from channel Const_3. Aborting processing.. Skipping value calculation.
11:01:23.006 [OpenMUC Data Manager Pool - thread-1] DEBUG org.openmuc.framework.driver.channelmath.MathDriver - Successfully set value org.openmuc.framework.driver.channelmath.MathEvaluator$RecordWithInputChannelCache@18cdbce8 for channelId 'SUM'
11:01:23.007 [OpenMUC Data Manager Pool - thread-1] DEBUG org.openmuc.framework.driver.channelmath.MathDriver - Successfully set value org.openmuc.framework.driver.channelmath.MathEvaluator$RecordWithInputChannelCache@4b3d6e05 for channelId 'DIFF'
11:01:23.008 [OpenMUC Data Manager Pool - thread-2] DEBUG org.openmuc.framework.driver.channelmath.MathDriver - Updated cache with channels=[Channel with id=Meter_01_raw_p_tot_exp, Channel with id=Meter_01_raw_p_tot_mant]
11:01:23.007 [OpenMUC Data Manager Pool - thread-1] DEBUG org.openmuc.framework.driver.channelmath.MathDriver - Updated cache with channels=[Channel with id=Const_5, Channel with id=Const_3]
11:01:23.009 [OpenMUC Data Manager Pool - thread-2] DEBUG org.openmuc.framework.driver.channelmath.MathDriver - Successfully set value org.openmuc.framework.driver.channelmath.MathEvaluator$RecordWithInputChannelCache@68a66743 for channelId 'Meter_01_p_tot'
11:01:23.007 [OpenMUC Data Manager Pool - thread-1] DEBUG org.openmuc.framework.driver.channelmath.MathDriver - Successfully set value org.openmuc.framework.driver.channelmath.MathEvaluator$RecordWithInputChannelCache@2fae8088 for channelId 'SUM'
11:01:23.008 [OpenMUC Data Manager Pool - thread-1] DEBUG org.openmuc.framework.driver.channelmath.MathDriver - Updated cache with channels=[Channel with id=Const_5, Channel with id=Const_3]
11:01:23.008 [OpenMUC Data Manager Pool - thread-1] DEBUG org.openmuc.framework.driver.channelmath.MathDriver - Processing container of channelId 'timestamp_older_channel'
11:01:23.009 [OpenMUC Data Manager Pool - thread-1] DEBUG org.openmuc.framework.driver.channelmath.MathDriver - Successfully set value org.openmuc.framework.driver.channelmath.MathEvaluator$RecordWithInputChannelCache@1c087a5a for channelId 'DIFF'
11:01:23.009 [OpenMUC Data Manager Pool - thread-1] DEBUG org.openmuc.framework.driver.channelmath.MathDriver - Successfully set value org.openmuc.framework.driver.channelmath.MathEvaluator$RecordWithInputChannelCache@6839b12b for channelId 'SUM'
11:01:23.010 [OpenMUC Data Manager Pool - thread-1] DEBUG org.openmuc.framework.driver.channelmath.MathDriver - Processing container of channelId 'STACKED_SUM'
11:01:23.010 [OpenMUC Data Manager Pool - thread-1] WARN org.openmuc.framework.driver.channelmath.MathDriver - Unable to read from channelId=timestamp_older_channel with reason MathChannelReadExcpetion:Read bad latest record value: null; timestamp: null; flag: SAMPLING_AND_LISTENING_DISABLED (flag is not valid) from channel Const_3. Aborting processing.. Skipping value calculation.
11:01:23.011 [OpenMUC Data Manager Pool - thread-1] ERROR org.openmuc.framework.driver.channelmath.MathDriver - Unable to parse formula of channelId='STACKED_SUM':Invalid formula for channel 'STACKED_SUM': may not depend on other math channels.
11:01:23.011 [OpenMUC Data Manager Pool - thread-1] DEBUG org.openmuc.framework.driver.channelmath.MathDriver - Processing container of channelId 'timestamp_older_channel2'
11:01:23.012 [OpenMUC Data Manager Pool - thread-1] WARN org.openmuc.framework.driver.channelmath.MathDriver - Unable to read from channelId=timestamp_older_channel2 with reason MathChannelReadExcpetion:Read bad latest record value: null; timestamp: null; flag: SAMPLING_AND_LISTENING_DISABLED (flag is not valid) from channel Const_3. Aborting processing.. Skipping value calculation.
11:01:23.012 [OpenMUC Data Manager Pool - thread-1] DEBUG org.openmuc.framework.driver.channelmath.MathDriver - Processing container of channelId 'timestamp_no_settings'
11:01:23.012 [OpenMUC Data Manager Pool - thread-1] WARN org.openmuc.framework.driver.channelmath.MathDriver - Unable to read from channelId=timestamp_no_settings with reason MathChannelReadExcpetion:Read bad latest record value: null; timestamp: null; flag: SAMPLING_AND_LISTENING_DISABLED (flag is not valid) from channel Const_3. Aborting processing.. Skipping value calculation.
11:01:24.001 [OpenMUC Data Manager Pool - thread-1] DEBUG org.openmuc.framework.driver.channelmath.MathDriver - Processing container of channelId 'timestamp_averaging_channel'
11:01:24.001 [OpenMUC Data Manager Pool - thread-1] DEBUG org.openmuc.framework.driver.channelmath.MathDriver - Processing container of channelId 'Meter_01_p_tot'
11:01:24.001 [OpenMUC Data Manager Pool - thread-1] DEBUG org.openmuc.framework.driver.channelmath.MathDriver - Processing container of channelId 'DIFF'
11:01:24.001 [OpenMUC Data Manager Pool - thread-1] DEBUG org.openmuc.framework.driver.channelmath.MathDriver - Processing container of channelId 'SUM'
11:01:24.002 [OpenMUC Data Manager Pool - thread-1] ERROR org.openmuc.framework.driver.channelmath.MathDriver - Unable to parse formula of channelId='Meter_01_p_tot':Error parsing '§Meter_01_raw_p_tot_mant§*(10^§Meter_01_raw_p_tot_exp)§': Channel 'Meter_01_raw_p_tot_exp)' not found.
11:01:24.001 [OpenMUC Data Manager Pool - thread-1] DEBUG org.openmuc.framework.driver.channelmath.MathDriver - Processing container of channelId 'DIFF'
11:01:24.001 [OpenMUC Data Manager Pool - thread-1] DEBUG org.openmuc.framework.driver.channelmath.MathDriver - Processing container of channelId 'SUM'
11:01:24.003 [OpenMUC Data Manager Pool - thread-1] DEBUG org.openmuc.framework.driver.channelmath.MathEvaluator - Using cached channels
11:01:24.001 [OpenMUC Data Manager Pool - thread-1] DEBUG org.openmuc.framework.driver.channelmath.MathDriver - Processing container of channelId 'SUM'
11:01:24.001 [OpenMUC Data Manager Pool - thread-2] DEBUG org.openmuc.framework.driver.channelmath.MathDriver - Processing container of channelId 'Meter_01_p_tot'
11:01:24.002 [OpenMUC Data Manager Pool - thread-1] WARN org.openmuc.framework.driver.channelmath.MathDriver - Unable to read from channelId=timestamp_averaging_channel with reason MathChannelReadExcpetion:Read bad latest record value: null; timestamp: null; flag: SAMPLING_AND_LISTENING_DISABLED (flag is not valid) from channel Const_3. Aborting processing.. Skipping value calculation.
11:01:24.004 [OpenMUC Data Manager Pool - thread-1] DEBUG org.openmuc.framework.driver.channelmath.MathEvaluator - Using cached channels
11:01:24.002 [OpenMUC Data Manager Pool - thread-1] DEBUG org.openmuc.framework.driver.channelmath.MathEvaluator - Using cached channels
11:01:24.002 [OpenMUC Data Manager Pool - thread-1] DEBUG org.openmuc.framework.driver.channelmath.MathEvaluator - Using cached channels
11:01:24.003 [OpenMUC Data Manager Pool - thread-1] DEBUG org.openmuc.framework.driver.channelmath.MathEvaluator - Using cached channels
11:01:24.004 [OpenMUC Data Manager Pool - thread-2] DEBUG org.openmuc.framework.driver.channelmath.MathEvaluator - Using cached channels
11:01:24.004 [OpenMUC Data Manager Pool - thread-1] DEBUG org.openmuc.framework.driver.channelmath.MathDriver - Processing container of channelId 'timestamp_newer_channel'
11:01:24.005 [OpenMUC Data Manager Pool - thread-1] DEBUG org.openmuc.framework.driver.channelmath.MathEvaluator - Successfully replaced all channel references by their values. Input formula={0}, only values formula={1}, used channels={2}.
11:01:24.004 [OpenMUC Data Manager Pool - thread-1] DEBUG org.openmuc.framework.driver.channelmath.MathEvaluator - Successfully replaced all channel references by their values. Input formula={0}, only values formula={1}, used channels={2}.
11:01:24.004 [OpenMUC Data Manager Pool - thread-1] DEBUG org.openmuc.framework.driver.channelmath.MathEvaluator - Successfully replaced all channel references by their values. Input formula={0}, only values formula={1}, used channels={2}.
11:01:24.004 [OpenMUC Data Manager Pool - thread-1] DEBUG org.openmuc.framework.driver.channelmath.MathEvaluator - Successfully replaced all channel references by their values. Input formula={0}, only values formula={1}, used channels={2}.
11:01:24.005 [OpenMUC Data Manager Pool - thread-1] DEBUG org.openmuc.framework.driver.channelmath.MathEvaluator - Successfully replaced all channel references by their values. Input formula={0}, only values formula={1}, used channels={2}.
11:01:24.005 [OpenMUC Data Manager Pool - thread-2] DEBUG org.openmuc.framework.driver.channelmath.MathEvaluator - Successfully replaced all channel references by their values. Input formula={0}, only values formula={1}, used channels={2}.
11:01:24.005 [OpenMUC Data Manager Pool - thread-1] WARN org.openmuc.framework.driver.channelmath.MathDriver - Unable to read from channelId=timestamp_newer_channel with reason MathChannelReadExcpetion:Read bad latest record value: null; timestamp: null; flag: SAMPLING_AND_LISTENING_DISABLED (flag is not valid) from channel Const_3. Aborting processing.. Skipping value calculation.
11:01:24.006 [OpenMUC Data Manager Pool - thread-1] DEBUG org.openmuc.framework.driver.channelmath.MathDriver - Updated cache with channels=[Channel with id=Const_5, Channel with id=Const_3]
11:01:24.005 [OpenMUC Data Manager Pool - thread-1] DEBUG org.openmuc.framework.driver.channelmath.MathDriver - Updated cache with channels=[Channel with id=Const_3, Channel with id=Const_5]
11:01:24.006 [OpenMUC Data Manager Pool - thread-1] DEBUG org.openmuc.framework.driver.channelmath.MathDriver - Updated cache with channels=[Channel with id=Const_5, Channel with id=Const_3]
11:01:24.006 [OpenMUC Data Manager Pool - thread-1] DEBUG org.openmuc.framework.driver.channelmath.MathDriver - Updated cache with channels=[Channel with id=Const_5, Channel with id=Const_3]
11:01:24.006 [OpenMUC Data Manager Pool - thread-1] DEBUG org.openmuc.framework.driver.channelmath.MathDriver - Processing container of channelId 'timestamp_older_channel'
11:01:24.006 [OpenMUC Data Manager Pool - thread-1] DEBUG org.openmuc.framework.driver.channelmath.MathDriver - Updated cache with channels=[Channel with id=Const_5, Channel with id=Const_3]
11:01:24.006 [OpenMUC Data Manager Pool - thread-2] DEBUG org.openmuc.framework.driver.channelmath.MathDriver - Updated cache with channels=[Channel with id=Meter_01_raw_p_tot_exp, Channel with id=Meter_01_raw_p_tot_mant]
11:01:24.006 [OpenMUC Data Manager Pool - thread-1] DEBUG org.openmuc.framework.driver.channelmath.MathDriver - Successfully set value org.openmuc.framework.driver.channelmath.MathEvaluator$RecordWithInputChannelCache@2bb6840f for channelId 'DIFF'
11:01:24.006 [OpenMUC Data Manager Pool - thread-1] DEBUG org.openmuc.framework.driver.channelmath.MathDriver - Successfully set value org.openmuc.framework.driver.channelmath.MathEvaluator$RecordWithInputChannelCache@2c48a9e7 for channelId 'SUM'
11:01:24.006 [OpenMUC Data Manager Pool - thread-1] DEBUG org.openmuc.framework.driver.channelmath.MathDriver - Successfully set value org.openmuc.framework.driver.channelmath.MathEvaluator$RecordWithInputChannelCache@2b9659ec for channelId 'SUM'
11:01:24.006 [OpenMUC Data Manager Pool - thread-1] DEBUG org.openmuc.framework.driver.channelmath.MathDriver - Successfully set value org.openmuc.framework.driver.channelmath.MathEvaluator$RecordWithInputChannelCache@7687de55 for channelId 'DIFF'
11:01:24.007 [OpenMUC Data Manager Pool - thread-1] DEBUG org.openmuc.framework.driver.channelmath.MathDriver - Successfully set value org.openmuc.framework.driver.channelmath.MathEvaluator$RecordWithInputChannelCache@7634ed11 for channelId 'SUM'
11:01:24.007 [OpenMUC Data Manager Pool - thread-2] DEBUG org.openmuc.framework.driver.channelmath.MathDriver - Successfully set value org.openmuc.framework.driver.channelmath.MathEvaluator$RecordWithInputChannelCache@2b86163b for channelId 'Meter_01_p_tot'
11:01:24.007 [OpenMUC Data Manager Pool - thread-1] WARN org.openmuc.framework.driver.channelmath.MathDriver - Unable to read from channelId=timestamp_older_channel with reason MathChannelReadExcpetion:Read bad latest record value: null; timestamp: null; flag: SAMPLING_AND_LISTENING_DISABLED (flag is not valid) from channel Const_3. Aborting processing.. Skipping value calculation.
11:01:24.007 [OpenMUC Data Manager Pool - thread-1] DEBUG org.openmuc.framework.driver.channelmath.MathDriver - Processing container of channelId 'STACKED_SUM'
11:01:24.007 [OpenMUC Data Manager Pool - thread-1] DEBUG org.openmuc.framework.driver.channelmath.MathDriver - Processing container of channelId 'timestamp_older_channel2'
11:01:24.007 [OpenMUC Data Manager Pool - thread-1] ERROR org.openmuc.framework.driver.channelmath.MathDriver - Unable to parse formula of channelId='STACKED_SUM':Invalid formula for channel 'STACKED_SUM': may not depend on other math channels.
11:01:24.007 [OpenMUC Data Manager Pool - thread-1] WARN org.openmuc.framework.driver.channelmath.MathDriver - Unable to read from channelId=timestamp_older_channel2 with reason MathChannelReadExcpetion:Read bad latest record value: null; timestamp: null; flag: SAMPLING_AND_LISTENING_DISABLED (flag is not valid) from channel Const_3. Aborting processing.. Skipping value calculation.
11:01:24.007 [OpenMUC Data Manager Pool - thread-1] DEBUG org.openmuc.framework.driver.channelmath.MathDriver - Processing container of channelId 'timestamp_no_settings'
11:01:24.007 [OpenMUC Data Manager Pool - thread-1] WARN org.openmuc.framework.driver.channelmath.MathDriver - Unable to read from channelId=timestamp_no_settings with reason MathChannelReadExcpetion:Read bad latest record value: null; timestamp: null; flag: SAMPLING_AND_LISTENING_DISABLED (flag is not valid) from channel Const_3. Aborting processing.. Skipping value calculation.
11:01:25.000 [OpenMUC Data Manager Pool - thread-1] DEBUG org.openmuc.framework.driver.channelmath.MathDriver - Processing container of channelId 'SUM'
11:01:25.000 [OpenMUC Data Manager Pool - thread-1] DEBUG org.openmuc.framework.driver.channelmath.MathDriver - Processing container of channelId 'DIFF'
11:01:25.001 [OpenMUC Data Manager Pool - thread-1] DEBUG org.openmuc.framework.driver.channelmath.MathDriver - Processing container of channelId 'timestamp_averaging_channel'
11:01:25.001 [OpenMUC Data Manager Pool - thread-1] DEBUG org.openmuc.framework.driver.channelmath.MathDriver - Processing container of channelId 'Meter_01_p_tot'
11:01:25.001 [OpenMUC Data Manager Pool - thread-1] DEBUG org.openmuc.framework.driver.channelmath.MathEvaluator - Using cached channels
11:01:25.001 [OpenMUC Data Manager Pool - thread-1] DEBUG org.openmuc.framework.driver.channelmath.MathEvaluator - Using cached channels
11:01:25.002 [OpenMUC Data Manager Pool - thread-1] DEBUG org.openmuc.framework.driver.channelmath.MathEvaluator - Successfully replaced all channel references by their values. Input formula={0}, only values formula={1}, used channels={2}.
11:01:25.001 [OpenMUC Data Manager Pool - thread-1] DEBUG org.openmuc.framework.driver.channelmath.MathDriver - Processing container of channelId 'SUM'
11:01:25.002 [OpenMUC Data Manager Pool - thread-1] DEBUG org.openmuc.framework.driver.channelmath.MathEvaluator - Successfully replaced all channel references by their values. Input formula={0}, only values formula={1}, used channels={2}.
11:01:25.000 [OpenMUC Data Manager Pool - thread-1] DEBUG org.openmuc.framework.driver.channelmath.MathDriver - Processing container of channelId 'DIFF'
11:01:25.000 [OpenMUC Data Manager Pool - thread-1] DEBUG org.openmuc.framework.driver.channelmath.MathDriver - Processing container of channelId 'SUM'
11:01:25.001 [OpenMUC Data Manager Pool - thread-2] DEBUG org.openmuc.framework.driver.channelmath.MathDriver - Processing container of channelId 'Meter_01_p_tot'
11:01:25.002 [OpenMUC Data Manager Pool - thread-1] ERROR org.openmuc.framework.driver.channelmath.MathDriver - Unable to parse formula of channelId='Meter_01_p_tot':Error parsing '§Meter_01_raw_p_tot_mant§*(10^§Meter_01_raw_p_tot_exp)§': Channel 'Meter_01_raw_p_tot_exp)' not found.
11:01:25.002 [OpenMUC Data Manager Pool - thread-1] WARN org.openmuc.framework.driver.channelmath.MathDriver - Unable to read from channelId=timestamp_averaging_channel with reason MathChannelReadExcpetion:Read bad latest record value: null; timestamp: null; flag: SAMPLING_AND_LISTENING_DISABLED (flag is not valid) from channel Const_3. Aborting processing.. Skipping value calculation.
11:01:25.003 [OpenMUC Data Manager Pool - thread-1] DEBUG org.openmuc.framework.driver.channelmath.MathEvaluator - Using cached channels
11:01:25.004 [OpenMUC Data Manager Pool - thread-1] DEBUG org.openmuc.framework.driver.channelmath.MathDriver - Processing container of channelId 'timestamp_newer_channel'
11:01:25.003 [OpenMUC Data Manager Pool - thread-1] DEBUG org.openmuc.framework.driver.channelmath.MathDriver - Updated cache with channels=[Channel with id=Const_5, Channel with id=Const_3]
11:01:25.003 [OpenMUC Data Manager Pool - thread-1] DEBUG org.openmuc.framework.driver.channelmath.MathEvaluator - Using cached channels
11:01:25.003 [OpenMUC Data Manager Pool - thread-1] DEBUG org.openmuc.framework.driver.channelmath.MathEvaluator - Using cached channels
11:01:25.003 [OpenMUC Data Manager Pool - thread-2] DEBUG org.openmuc.framework.driver.channelmath.MathEvaluator - Using cached channels
11:01:25.004 [OpenMUC Data Manager Pool - thread-1] DEBUG org.openmuc.framework.driver.channelmath.MathEvaluator - Successfully replaced all channel references by their values. Input formula={0}, only values formula={1}, used channels={2}.
11:01:25.003 [OpenMUC Data Manager Pool - thread-1] DEBUG org.openmuc.framework.driver.channelmath.MathDriver - Updated cache with channels=[Channel with id=Const_3, Channel with id=Const_5]
11:01:25.004 [OpenMUC Data Manager Pool - thread-1] DEBUG org.openmuc.framework.driver.channelmath.MathDriver - Successfully set value org.openmuc.framework.driver.channelmath.MathEvaluator$RecordWithInputChannelCache@7ea061f8 for channelId 'DIFF'
11:01:25.004 [OpenMUC Data Manager Pool - thread-1] DEBUG org.openmuc.framework.driver.channelmath.MathEvaluator - Successfully replaced all channel references by their values. Input formula={0}, only values formula={1}, used channels={2}.
11:01:25.004 [OpenMUC Data Manager Pool - thread-1] DEBUG org.openmuc.framework.driver.channelmath.MathEvaluator - Successfully replaced all channel references by their values. Input formula={0}, only values formula={1}, used channels={2}.
11:01:25.004 [OpenMUC Data Manager Pool - thread-1] WARN org.openmuc.framework.driver.channelmath.MathDriver - Unable to read from channelId=timestamp_newer_channel with reason MathChannelReadExcpetion:Read bad latest record value: null; timestamp: null; flag: SAMPLING_AND_LISTENING_DISABLED (flag is not valid) from channel Const_3. Aborting processing.. Skipping value calculation.
11:01:25.005 [OpenMUC Data Manager Pool - thread-1] DEBUG org.openmuc.framework.driver.channelmath.MathDriver - Updated cache with channels=[Channel with id=Const_5, Channel with id=Const_3]
11:01:25.005 [OpenMUC Data Manager Pool - thread-1] DEBUG org.openmuc.framework.driver.channelmath.MathDriver - Processing container of channelId 'timestamp_older_channel'
11:01:25.005 [OpenMUC Data Manager Pool - thread-1] DEBUG org.openmuc.framework.driver.channelmath.MathDriver - Updated cache with channels=[Channel with id=Const_5, Channel with id=Const_3]
11:01:25.005 [OpenMUC Data Manager Pool - thread-2] DEBUG org.openmuc.framework.driver.channelmath.MathEvaluator - Successfully replaced all channel references by their values. Input formula={0}, only values formula={1}, used channels={2}.
11:01:25.005 [OpenMUC Data Manager Pool - thread-1] DEBUG org.openmuc.framework.driver.channelmath.MathDriver - Successfully set value org.openmuc.framework.driver.channelmath.MathEvaluator$RecordWithInputChannelCache@1befc371 for channelId 'SUM'
11:01:25.005 [OpenMUC Data Manager Pool - thread-1] DEBUG org.openmuc.framework.driver.channelmath.MathDriver - Successfully set value org.openmuc.framework.driver.channelmath.MathEvaluator$RecordWithInputChannelCache@24b5ca2e for channelId 'SUM'
11:01:25.006 [OpenMUC Data Manager Pool - thread-2] DEBUG org.openmuc.framework.driver.channelmath.MathDriver - Updated cache with channels=[Channel with id=Meter_01_raw_p_tot_exp, Channel with id=Meter_01_raw_p_tot_mant]
11:01:25.006 [OpenMUC Data Manager Pool - thread-1] DEBUG org.openmuc.framework.driver.channelmath.MathDriver - Updated cache with channels=[Channel with id=Const_5, Channel with id=Const_3]
11:01:25.006 [OpenMUC Data Manager Pool - thread-1] DEBUG org.openmuc.framework.driver.channelmath.MathDriver - Successfully set value org.openmuc.framework.driver.channelmath.MathEvaluator$RecordWithInputChannelCache@335a92c8 for channelId 'DIFF'
11:01:25.006 [OpenMUC Data Manager Pool - thread-1] WARN org.openmuc.framework.driver.channelmath.MathDriver - Unable to read from channelId=timestamp_older_channel with reason MathChannelReadExcpetion:Read bad latest record value: null; timestamp: null; flag: SAMPLING_AND_LISTENING_DISABLED (flag is not valid) from channel Const_3. Aborting processing.. Skipping value calculation.
11:01:25.006 [OpenMUC Data Manager Pool - thread-1] DEBUG org.openmuc.framework.driver.channelmath.MathDriver - Processing container of channelId 'STACKED_SUM'
11:01:25.006 [OpenMUC Data Manager Pool - thread-2] DEBUG org.openmuc.framework.driver.channelmath.MathDriver - Successfully set value org.openmuc.framework.driver.channelmath.MathEvaluator$RecordWithInputChannelCache@59044e9e for channelId 'Meter_01_p_tot'
11:01:25.006 [OpenMUC Data Manager Pool - thread-1] DEBUG org.openmuc.framework.driver.channelmath.MathDriver - Successfully set value org.openmuc.framework.driver.channelmath.MathEvaluator$RecordWithInputChannelCache@5714651f for channelId 'SUM'
11:01:25.007 [OpenMUC Data Manager Pool - thread-1] DEBUG org.openmuc.framework.driver.channelmath.MathDriver - Processing container of channelId 'timestamp_older_channel2'
11:01:25.007 [OpenMUC Data Manager Pool - thread-1] ERROR org.openmuc.framework.driver.channelmath.MathDriver - Unable to parse formula of channelId='STACKED_SUM':Invalid formula for channel 'STACKED_SUM': may not depend on other math channels.
11:01:25.007 [OpenMUC Data Manager Pool - thread-1] WARN org.openmuc.framework.driver.channelmath.MathDriver - Unable to read from channelId=timestamp_older_channel2 with reason MathChannelReadExcpetion:Read bad latest record value: null; timestamp: null; flag: SAMPLING_AND_LISTENING_DISABLED (flag is not valid) from channel Const_3. Aborting processing.. Skipping value calculation.
11:01:25.007 [OpenMUC Data Manager Pool - thread-1] DEBUG org.openmuc.framework.driver.channelmath.MathDriver - Processing container of channelId 'timestamp_no_settings'
11:01:25.007 [OpenMUC Data Manager Pool - thread-1] WARN org.openmuc.framework.driver.channelmath.MathDriver - Unable to read from channelId=timestamp_no_settings with reason MathChannelReadExcpetion:Read bad latest record value: null; timestamp: null; flag: SAMPLING_AND_LISTENING_DISABLED (flag is not valid) from channel Const_3. Aborting processing.. Skipping value calculation.
11:01:26.000 [OpenMUC Data Manager Pool - thread-1] DEBUG org.openmuc.framework.driver.channelmath.MathDriver - Processing container of channelId 'Meter_01_p_tot'
11:01:26.000 [OpenMUC Data Manager Pool - thread-1] DEBUG org.openmuc.framework.driver.channelmath.MathDriver - Processing container of channelId 'DIFF'
11:01:26.000 [OpenMUC Data Manager Pool - thread-1] DEBUG org.openmuc.framework.driver.channelmath.MathDriver - Processing container of channelId 'SUM'
11:01:26.001 [OpenMUC Data Manager Pool - thread-1] ERROR org.openmuc.framework.driver.channelmath.MathDriver - Unable to parse formula of channelId='Meter_01_p_tot':Error parsing '§Meter_01_raw_p_tot_mant§*(10^§Meter_01_raw_p_tot_exp)§': Channel 'Meter_01_raw_p_tot_exp)' not found.
11:01:26.000 [OpenMUC Data Manager Pool - thread-1] DEBUG org.openmuc.framework.driver.channelmath.MathDriver - Processing container of channelId 'DIFF'
11:01:26.000 [OpenMUC Data Manager Pool - thread-1] DEBUG org.openmuc.framework.driver.channelmath.MathDriver - Processing container of channelId 'SUM'
11:01:26.000 [OpenMUC Data Manager Pool - thread-1] DEBUG org.openmuc.framework.driver.channelmath.MathDriver - Processing container of channelId 'SUM'
11:01:26.000 [OpenMUC Data Manager Pool - thread-1] DEBUG org.openmuc.framework.driver.channelmath.MathDriver - Processing container of channelId 'timestamp_averaging_channel'
11:01:26.001 [OpenMUC Data Manager Pool - thread-2] DEBUG org.openmuc.framework.driver.channelmath.MathDriver - Processing container of channelId 'Meter_01_p_tot'
11:01:26.001 [OpenMUC Data Manager Pool - thread-1] DEBUG org.openmuc.framework.driver.channelmath.MathEvaluator - Using cached channels
11:01:26.001 [OpenMUC Data Manager Pool - thread-1] DEBUG org.openmuc.framework.driver.channelmath.MathEvaluator - Using cached channels
11:01:26.001 [OpenMUC Data Manager Pool - thread-1] DEBUG org.openmuc.framework.driver.channelmath.MathEvaluator - Using cached channels
11:01:26.001 [OpenMUC Data Manager Pool - thread-1] DEBUG org.openmuc.framework.driver.channelmath.MathEvaluator - Using cached channels
11:01:26.002 [OpenMUC Data Manager Pool - thread-1] DEBUG org.openmuc.framework.driver.channelmath.MathEvaluator - Successfully replaced all channel references by their values. Input formula={0}, only values formula={1}, used channels={2}.
11:01:26.001 [OpenMUC Data Manager Pool - thread-1] DEBUG org.openmuc.framework.driver.channelmath.MathEvaluator - Using cached channels
11:01:26.001 [OpenMUC Data Manager Pool - thread-2] DEBUG org.openmuc.framework.driver.channelmath.MathEvaluator - Using cached channels
11:01:26.002 [OpenMUC Data Manager Pool - thread-1] WARN org.openmuc.framework.driver.channelmath.MathDriver - Unable to read from channelId=timestamp_averaging_channel with reason MathChannelReadExcpetion:Read bad latest record value: null; timestamp: null; flag: SAMPLING_AND_LISTENING_DISABLED (flag is not valid) from channel Const_3. Aborting processing.. Skipping value calculation.
11:01:26.002 [OpenMUC Data Manager Pool - thread-1] DEBUG org.openmuc.framework.driver.channelmath.MathEvaluator - Successfully replaced all channel references by their values. Input formula={0}, only values formula={1}, used channels={2}.
11:01:26.002 [OpenMUC Data Manager Pool - thread-1] DEBUG org.openmuc.framework.driver.channelmath.MathEvaluator - Successfully replaced all channel references by their values. Input formula={0}, only values formula={1}, used channels={2}.
11:01:26.002 [OpenMUC Data Manager Pool - thread-1] DEBUG org.openmuc.framework.driver.channelmath.MathEvaluator - Successfully replaced all channel references by their values. Input formula={0}, only values formula={1}, used channels={2}.
11:01:26.002 [OpenMUC Data Manager Pool - thread-1] DEBUG org.openmuc.framework.driver.channelmath.MathEvaluator - Successfully replaced all channel references by their values. Input formula={0}, only values formula={1}, used channels={2}.
11:01:26.003 [OpenMUC Data Manager Pool - thread-1] DEBUG org.openmuc.framework.driver.channelmath.MathDriver - Updated cache with channels=[Channel with id=Const_5, Channel with id=Const_3]
11:01:26.002 [OpenMUC Data Manager Pool - thread-1] DEBUG org.openmuc.framework.driver.channelmath.MathDriver - Processing container of channelId 'timestamp_newer_channel'
11:01:26.002 [OpenMUC Data Manager Pool - thread-2] DEBUG org.openmuc.framework.driver.channelmath.MathEvaluator - Successfully replaced all channel references by their values. Input formula={0}, only values formula={1}, used channels={2}.
11:01:26.002 [OpenMUC Data Manager Pool - thread-1] DEBUG org.openmuc.framework.driver.channelmath.MathDriver - Updated cache with channels=[Channel with id=Const_5, Channel with id=Const_3]
11:01:26.003 [OpenMUC Data Manager Pool - thread-1] DEBUG org.openmuc.framework.driver.channelmath.MathDriver - Successfully set value org.openmuc.framework.driver.channelmath.MathEvaluator$RecordWithInputChannelCache@2725837d for channelId 'DIFF'
11:01:26.003 [OpenMUC Data Manager Pool - thread-1] DEBUG org.openmuc.framework.driver.channelmath.MathDriver - Updated cache with channels=[Channel with id=Const_5, Channel with id=Const_3]
11:01:26.003 [OpenMUC Data Manager Pool - thread-1] DEBUG org.openmuc.framework.driver.channelmath.MathDriver - Updated cache with channels=[Channel with id=Const_3, Channel with id=Const_5]
11:01:26.003 [OpenMUC Data Manager Pool - thread-1] DEBUG org.openmuc.framework.driver.channelmath.MathDriver - Updated cache with channels=[Channel with id=Const_5, Channel with id=Const_3]
11:01:26.003 [OpenMUC Data Manager Pool - thread-1] WARN org.openmuc.framework.driver.channelmath.MathDriver - Unable to read from channelId=timestamp_newer_channel with reason MathChannelReadExcpetion:Read bad latest record value: null; timestamp: null; flag: SAMPLING_AND_LISTENING_DISABLED (flag is not valid) from channel Const_3. Aborting processing.. Skipping value calculation.
11:01:26.003 [OpenMUC Data Manager Pool - thread-1] DEBUG org.openmuc.framework.driver.channelmath.MathDriver - Successfully set value org.openmuc.framework.driver.channelmath.MathEvaluator$RecordWithInputChannelCache@48d1a8c7 for channelId 'SUM'
11:01:26.003 [OpenMUC Data Manager Pool - thread-1] DEBUG org.openmuc.framework.driver.channelmath.MathDriver - Successfully set value org.openmuc.framework.driver.channelmath.MathEvaluator$RecordWithInputChannelCache@271194de for channelId 'DIFF'
11:01:26.003 [OpenMUC Data Manager Pool - thread-2] DEBUG org.openmuc.framework.driver.channelmath.MathDriver - Updated cache with channels=[Channel with id=Meter_01_raw_p_tot_exp, Channel with id=Meter_01_raw_p_tot_mant]
11:01:26.004 [OpenMUC Data Manager Pool - thread-1] DEBUG org.openmuc.framework.driver.channelmath.MathDriver - Successfully set value org.openmuc.framework.driver.channelmath.MathEvaluator$RecordWithInputChannelCache@73189979 for channelId 'SUM'
11:01:26.004 [OpenMUC Data Manager Pool - thread-2] DEBUG org.openmuc.framework.driver.channelmath.MathDriver - Successfully set value org.openmuc.framework.driver.channelmath.MathEvaluator$RecordWithInputChannelCache@53ce6149 for channelId 'Meter_01_p_tot'
11:01:26.004 [OpenMUC Data Manager Pool - thread-1] DEBUG org.openmuc.framework.driver.channelmath.MathDriver - Successfully set value org.openmuc.framework.driver.channelmath.MathEvaluator$RecordWithInputChannelCache@7ae91d85 for channelId 'SUM'
11:01:26.004 [OpenMUC Data Manager Pool - thread-1] DEBUG org.openmuc.framework.driver.channelmath.MathDriver - Processing container of channelId 'timestamp_older_channel'
11:01:26.004 [OpenMUC Data Manager Pool - thread-1] DEBUG org.openmuc.framework.driver.channelmath.MathDriver - Processing container of channelId 'STACKED_SUM'
11:01:26.005 [OpenMUC Data Manager Pool - thread-1] WARN org.openmuc.framework.driver.channelmath.MathDriver - Unable to read from channelId=timestamp_older_channel with reason MathChannelReadExcpetion:Read bad latest record value: null; timestamp: null; flag: SAMPLING_AND_LISTENING_DISABLED (flag is not valid) from channel Const_3. Aborting processing.. Skipping value calculation.
11:01:26.005 [OpenMUC Data Manager Pool - thread-1] ERROR org.openmuc.framework.driver.channelmath.MathDriver - Unable to parse formula of channelId='STACKED_SUM':Invalid formula for channel 'STACKED_SUM': may not depend on other math channels.
11:01:26.005 [OpenMUC Data Manager Pool - thread-1] DEBUG org.openmuc.framework.driver.channelmath.MathDriver - Processing container of channelId 'timestamp_older_channel2'
11:01:26.005 [OpenMUC Data Manager Pool - thread-1] WARN org.openmuc.framework.driver.channelmath.MathDriver - Unable to read from channelId=timestamp_older_channel2 with reason MathChannelReadExcpetion:Read bad latest record value: null; timestamp: null; flag: SAMPLING_AND_LISTENING_DISABLED (flag is not valid) from channel Const_3. Aborting processing.. Skipping value calculation.
11:01:26.005 [OpenMUC Data Manager Pool - thread-1] DEBUG org.openmuc.framework.driver.channelmath.MathDriver - Processing container of channelId 'timestamp_no_settings'
11:01:26.006 [OpenMUC Data Manager Pool - thread-1] WARN org.openmuc.framework.driver.channelmath.MathDriver - Unable to read from channelId=timestamp_no_settings with reason MathChannelReadExcpetion:Read bad latest record value: null; timestamp: null; flag: SAMPLING_AND_LISTENING_DISABLED (flag is not valid) from channel Const_3. Aborting processing.. Skipping value calculation.
11:01:27.000 [OpenMUC Data Manager Pool - thread-1] DEBUG org.openmuc.framework.driver.channelmath.MathDriver - Processing container of channelId 'timestamp_averaging_channel'
11:01:27.001 [OpenMUC Data Manager Pool - thread-1] DEBUG org.openmuc.framework.driver.channelmath.MathDriver - Processing container of channelId 'DIFF'
11:01:27.001 [OpenMUC Data Manager Pool - thread-1] DEBUG org.openmuc.framework.driver.channelmath.MathDriver - Processing container of channelId 'Meter_01_p_tot'
11:01:27.001 [OpenMUC Data Manager Pool - thread-1] DEBUG org.openmuc.framework.driver.channelmath.MathDriver - Processing container of channelId 'SUM'
11:01:27.001 [OpenMUC Data Manager Pool - thread-2] DEBUG org.openmuc.framework.driver.channelmath.MathDriver - Processing container of channelId 'Meter_01_p_tot'
11:01:27.000 [OpenMUC Data Manager Pool - thread-1] DEBUG org.openmuc.framework.driver.channelmath.MathDriver - Processing container of channelId 'SUM'
11:01:27.000 [OpenMUC Data Manager Pool - thread-1] DEBUG org.openmuc.framework.driver.channelmath.MathDriver - Processing container of channelId 'DIFF'
11:01:27.001 [OpenMUC Data Manager Pool - thread-1] DEBUG org.openmuc.framework.driver.channelmath.MathDriver - Processing container of channelId 'SUM'
11:01:27.002 [OpenMUC Data Manager Pool - thread-1] DEBUG org.openmuc.framework.driver.channelmath.MathEvaluator - Using cached channels
11:01:27.002 [OpenMUC Data Manager Pool - thread-1] WARN org.openmuc.framework.driver.channelmath.MathDriver - Unable to read from channelId=timestamp_averaging_channel with reason MathChannelReadExcpetion:Read bad latest record value: null; timestamp: null; flag: SAMPLING_AND_LISTENING_DISABLED (flag is not valid) from channel Const_3. Aborting processing.. Skipping value calculation.
11:01:27.003 [OpenMUC Data Manager Pool - thread-2] DEBUG org.openmuc.framework.driver.channelmath.MathEvaluator - Using cached channels
11:01:27.003 [OpenMUC Data Manager Pool - thread-1] DEBUG org.openmuc.framework.driver.channelmath.MathEvaluator - Using cached channels
11:01:27.003 [OpenMUC Data Manager Pool - thread-1] ERROR org.openmuc.framework.driver.channelmath.MathDriver - Unable to parse formula of channelId='Meter_01_p_tot':Error parsing '§Meter_01_raw_p_tot_mant§*(10^§Meter_01_raw_p_tot_exp)§': Channel 'Meter_01_raw_p_tot_exp)' not found.
11:01:27.003 [OpenMUC Data Manager Pool - thread-1] DEBUG org.openmuc.framework.driver.channelmath.MathEvaluator - Using cached channels
11:01:27.003 [OpenMUC Data Manager Pool - thread-1] DEBUG org.openmuc.framework.driver.channelmath.MathEvaluator - Using cached channels
11:01:27.003 [OpenMUC Data Manager Pool - thread-1] DEBUG org.openmuc.framework.driver.channelmath.MathEvaluator - Using cached channels
11:01:27.004 [OpenMUC Data Manager Pool - thread-1] DEBUG org.openmuc.framework.driver.channelmath.MathEvaluator - Successfully replaced all channel references by their values. Input formula={0}, only values formula={1}, used channels={2}.
11:01:27.004 [OpenMUC Data Manager Pool - thread-1] DEBUG org.openmuc.framework.driver.channelmath.MathDriver - Processing container of channelId 'timestamp_newer_channel'
11:01:27.005 [OpenMUC Data Manager Pool - thread-1] DEBUG org.openmuc.framework.driver.channelmath.MathEvaluator - Successfully replaced all channel references by their values. Input formula={0}, only values formula={1}, used channels={2}.
11:01:27.004 [OpenMUC Data Manager Pool - thread-2] DEBUG org.openmuc.framework.driver.channelmath.MathEvaluator - Successfully replaced all channel references by their values. Input formula={0}, only values formula={1}, used channels={2}.
11:01:27.005 [OpenMUC Data Manager Pool - thread-1] WARN org.openmuc.framework.driver.channelmath.MathDriver - Unable to read from channelId=timestamp_newer_channel with reason MathChannelReadExcpetion:Read bad latest record value: null; timestamp: null; flag: SAMPLING_AND_LISTENING_DISABLED (flag is not valid) from channel Const_3. Aborting processing.. Skipping value calculation.
11:01:27.004 [OpenMUC Data Manager Pool - thread-1] DEBUG org.openmuc.framework.driver.channelmath.MathEvaluator - Successfully replaced all channel references by their values. Input formula={0}, only values formula={1}, used channels={2}.
11:01:27.005 [OpenMUC Data Manager Pool - thread-1] DEBUG org.openmuc.framework.driver.channelmath.MathEvaluator - Successfully replaced all channel references by their values. Input formula={0}, only values formula={1}, used channels={2}.
11:01:27.005 [OpenMUC Data Manager Pool - thread-1] DEBUG org.openmuc.framework.driver.channelmath.MathEvaluator - Successfully replaced all channel references by their values. Input formula={0}, only values formula={1}, used channels={2}.
11:01:27.005 [OpenMUC Data Manager Pool - thread-1] DEBUG org.openmuc.framework.driver.channelmath.MathDriver - Updated cache with channels=[Channel with id=Const_5, Channel with id=Const_3]
11:01:27.006 [OpenMUC Data Manager Pool - thread-1] DEBUG org.openmuc.framework.driver.channelmath.MathDriver - Processing container of channelId 'timestamp_older_channel'
11:01:27.006 [OpenMUC Data Manager Pool - thread-1] DEBUG org.openmuc.framework.driver.channelmath.MathDriver - Updated cache with channels=[Channel with id=Const_5, Channel with id=Const_3]
11:01:27.006 [OpenMUC Data Manager Pool - thread-2] DEBUG org.openmuc.framework.driver.channelmath.MathDriver - Updated cache with channels=[Channel with id=Meter_01_raw_p_tot_exp, Channel with id=Meter_01_raw_p_tot_mant]
11:01:27.006 [OpenMUC Data Manager Pool - thread-1] DEBUG org.openmuc.framework.driver.channelmath.MathDriver - Updated cache with channels=[Channel with id=Const_3, Channel with id=Const_5]
11:01:27.006 [OpenMUC Data Manager Pool - thread-1] DEBUG org.openmuc.framework.driver.channelmath.MathDriver - Successfully set value org.openmuc.framework.driver.channelmath.MathEvaluator$RecordWithInputChannelCache@7c88cda for channelId 'DIFF'
11:01:27.007 [OpenMUC Data Manager Pool - thread-1] DEBUG org.openmuc.framework.driver.channelmath.MathDriver - Updated cache with channels=[Channel with id=Const_5, Channel with id=Const_3]
11:01:27.007 [OpenMUC Data Manager Pool - thread-1] DEBUG org.openmuc.framework.driver.channelmath.MathDriver - Updated cache with channels=[Channel with id=Const_5, Channel with id=Const_3]
11:01:27.007 [OpenMUC Data Manager Pool - thread-1] WARN org.openmuc.framework.driver.channelmath.MathDriver - Unable to read from channelId=timestamp_older_channel with reason MathChannelReadExcpetion:Read bad latest record value: null; timestamp: null; flag: SAMPLING_AND_LISTENING_DISABLED (flag is not valid) from channel Const_3. Aborting processing.. Skipping value calculation.
11:01:27.007 [OpenMUC Data Manager Pool - thread-1] DEBUG org.openmuc.framework.driver.channelmath.MathDriver - Successfully set value org.openmuc.framework.driver.channelmath.MathEvaluator$RecordWithInputChannelCache@21186890 for channelId 'SUM'
11:01:27.007 [OpenMUC Data Manager Pool - thread-2] DEBUG org.openmuc.framework.driver.channelmath.MathDriver - Successfully set value org.openmuc.framework.driver.channelmath.MathEvaluator$RecordWithInputChannelCache@889980c for channelId 'Meter_01_p_tot'
11:01:27.007 [OpenMUC Data Manager Pool - thread-1] DEBUG org.openmuc.framework.driver.channelmath.MathDriver - Successfully set value org.openmuc.framework.driver.channelmath.MathEvaluator$RecordWithInputChannelCache@647510e for channelId 'SUM'
11:01:27.007 [OpenMUC Data Manager Pool - thread-1] DEBUG org.openmuc.framework.driver.channelmath.MathDriver - Successfully set value org.openmuc.framework.driver.channelmath.MathEvaluator$RecordWithInputChannelCache@6dc4e81f for channelId 'SUM'
11:01:27.008 [OpenMUC Data Manager Pool - thread-1] DEBUG org.openmuc.framework.driver.channelmath.MathDriver - Successfully set value org.openmuc.framework.driver.channelmath.MathEvaluator$RecordWithInputChannelCache@7894f0cc for channelId 'DIFF'
11:01:27.008 [OpenMUC Data Manager Pool - thread-1] DEBUG org.openmuc.framework.driver.channelmath.MathDriver - Processing container of channelId 'timestamp_older_channel2'
11:01:27.008 [OpenMUC Data Manager Pool - thread-1] DEBUG org.openmuc.framework.driver.channelmath.MathDriver - Processing container of channelId 'STACKED_SUM'
11:01:27.008 [OpenMUC Data Manager Pool - thread-1] ERROR org.openmuc.framework.driver.channelmath.MathDriver - Unable to parse formula of channelId='STACKED_SUM':Invalid formula for channel 'STACKED_SUM': may not depend on other math channels.
11:01:27.008 [OpenMUC Data Manager Pool - thread-1] WARN org.openmuc.framework.driver.channelmath.MathDriver - Unable to read from channelId=timestamp_older_channel2 with reason MathChannelReadExcpetion:Read bad latest record value: null; timestamp: null; flag: SAMPLING_AND_LISTENING_DISABLED (flag is not valid) from channel Const_3. Aborting processing.. Skipping value calculation.
11:01:27.008 [OpenMUC Data Manager Pool - thread-1] DEBUG org.openmuc.framework.driver.channelmath.MathDriver - Processing container of channelId 'timestamp_no_settings'
11:01:27.008 [OpenMUC Data Manager Pool - thread-1] WARN org.openmuc.framework.driver.channelmath.MathDriver - Unable to read from channelId=timestamp_no_settings with reason MathChannelReadExcpetion:Read bad latest record value: null; timestamp: null; flag: SAMPLING_AND_LISTENING_DISABLED (flag is not valid) from channel Const_3. Aborting processing.. Skipping value calculation.
11:01:28.000 [OpenMUC Data Manager Pool - thread-1] DEBUG org.openmuc.framework.driver.channelmath.MathDriver - Processing container of channelId 'Meter_01_p_tot'
11:01:28.001 [OpenMUC Data Manager Pool - thread-2] DEBUG org.openmuc.framework.driver.channelmath.MathDriver - Processing container of channelId 'Meter_01_p_tot'
11:01:28.000 [OpenMUC Data Manager Pool - thread-1] DEBUG org.openmuc.framework.driver.channelmath.MathDriver - Processing container of channelId 'DIFF'
11:01:28.000 [OpenMUC Data Manager Pool - thread-1] DEBUG org.openmuc.framework.driver.channelmath.MathDriver - Processing container of channelId 'timestamp_averaging_channel'
11:01:28.000 [OpenMUC Data Manager Pool - thread-1] DEBUG org.openmuc.framework.driver.channelmath.MathDriver - Processing container of channelId 'SUM'
11:01:28.000 [OpenMUC Data Manager Pool - thread-1] DEBUG org.openmuc.framework.driver.channelmath.MathDriver - Processing container of channelId 'SUM'
11:01:28.001 [OpenMUC Data Manager Pool - thread-1] DEBUG org.openmuc.framework.driver.channelmath.MathDriver - Processing container of channelId 'DIFF'
11:01:28.002 [OpenMUC Data Manager Pool - thread-1] DEBUG org.openmuc.framework.driver.channelmath.MathEvaluator - Using cached channels
11:01:28.001 [OpenMUC Data Manager Pool - thread-1] DEBUG org.openmuc.framework.driver.channelmath.MathEvaluator - Using cached channels
11:01:28.001 [OpenMUC Data Manager Pool - thread-1] DEBUG org.openmuc.framework.driver.channelmath.MathDriver - Processing container of channelId 'SUM'
11:01:28.002 [OpenMUC Data Manager Pool - thread-1] DEBUG org.openmuc.framework.driver.channelmath.MathEvaluator - Using cached channels
11:01:28.001 [OpenMUC Data Manager Pool - thread-1] ERROR org.openmuc.framework.driver.channelmath.MathDriver - Unable to parse formula of channelId='Meter_01_p_tot':Error parsing '§Meter_01_raw_p_tot_mant§*(10^§Meter_01_raw_p_tot_exp)§': Channel 'Meter_01_raw_p_tot_exp)' not found.
11:01:28.001 [OpenMUC Data Manager Pool - thread-2] DEBUG org.openmuc.framework.driver.channelmath.MathEvaluator - Using cached channels
11:01:28.002 [OpenMUC Data Manager Pool - thread-1] DEBUG org.openmuc.framework.driver.channelmath.MathEvaluator - Using cached channels
11:01:28.002 [OpenMUC Data Manager Pool - thread-1] WARN org.openmuc.framework.driver.channelmath.MathDriver - Unable to read from channelId=timestamp_averaging_channel with reason MathChannelReadExcpetion:Read bad latest record value: null; timestamp: null; flag: SAMPLING_AND_LISTENING_DISABLED (flag is not valid) from channel Const_3. Aborting processing.. Skipping value calculation.
11:01:28.002 [OpenMUC Data Manager Pool - thread-1] DEBUG org.openmuc.framework.driver.channelmath.MathEvaluator - Using cached channels
11:01:28.002 [OpenMUC Data Manager Pool - thread-1] DEBUG org.openmuc.framework.driver.channelmath.MathEvaluator - Successfully replaced all channel references by their values. Input formula={0}, only values formula={1}, used channels={2}.
11:01:28.003 [OpenMUC Data Manager Pool - thread-1] DEBUG org.openmuc.framework.driver.channelmath.MathEvaluator - Successfully replaced all channel references by their values. Input formula={0}, only values formula={1}, used channels={2}.
11:01:28.003 [OpenMUC Data Manager Pool - thread-1] DEBUG org.openmuc.framework.driver.channelmath.MathEvaluator - Successfully replaced all channel references by their values. Input formula={0}, only values formula={1}, used channels={2}.
11:01:28.004 [OpenMUC Data Manager Pool - thread-1] DEBUG org.openmuc.framework.driver.channelmath.MathDriver - Updated cache with channels=[Channel with id=Const_5, Channel with id=Const_3]
11:01:28.003 [OpenMUC Data Manager Pool - thread-2] DEBUG org.openmuc.framework.driver.channelmath.MathEvaluator - Successfully replaced all channel references by their values. Input formula={0}, only values formula={1}, used channels={2}.
11:01:28.003 [OpenMUC Data Manager Pool - thread-1] DEBUG org.openmuc.framework.driver.channelmath.MathDriver - Processing container of channelId 'timestamp_newer_channel'
11:01:28.003 [OpenMUC Data Manager Pool - thread-1] DEBUG org.openmuc.framework.driver.channelmath.MathEvaluator - Successfully replaced all channel references by their values. Input formula={0}, only values formula={1}, used channels={2}.
11:01:28.004 [OpenMUC Data Manager Pool - thread-1] DEBUG org.openmuc.framework.driver.channelmath.MathDriver - Updated cache with channels=[Channel with id=Const_5, Channel with id=Const_3]
11:01:28.004 [OpenMUC Data Manager Pool - thread-1] DEBUG org.openmuc.framework.driver.channelmath.MathEvaluator - Successfully replaced all channel references by their values. Input formula={0}, only values formula={1}, used channels={2}.
11:01:28.004 [OpenMUC Data Manager Pool - thread-1] DEBUG org.openmuc.framework.driver.channelmath.MathDriver - Successfully set value org.openmuc.framework.driver.channelmath.MathEvaluator$RecordWithInputChannelCache@4ff59f00 for channelId 'DIFF'
11:01:28.005 [OpenMUC Data Manager Pool - thread-1] DEBUG org.openmuc.framework.driver.channelmath.MathDriver - Updated cache with channels=[Channel with id=Const_5, Channel with id=Const_3]
11:01:28.004 [OpenMUC Data Manager Pool - thread-1] DEBUG org.openmuc.framework.driver.channelmath.MathDriver - Updated cache with channels=[Channel with id=Const_5, Channel with id=Const_3]
11:01:28.004 [OpenMUC Data Manager Pool - thread-1] WARN org.openmuc.framework.driver.channelmath.MathDriver - Unable to read from channelId=timestamp_newer_channel with reason MathChannelReadExcpetion:Read bad latest record value: null; timestamp: null; flag: SAMPLING_AND_LISTENING_DISABLED (flag is not valid) from channel Const_3. Aborting processing.. Skipping value calculation.
11:01:28.004 [OpenMUC Data Manager Pool - thread-1] DEBUG org.openmuc.framework.driver.channelmath.MathDriver - Successfully set value org.openmuc.framework.driver.channelmath.MathEvaluator$RecordWithInputChannelCache@671d852d for channelId 'DIFF'
11:01:28.004 [OpenMUC Data Manager Pool - thread-2] DEBUG org.openmuc.framework.driver.channelmath.MathDriver - Updated cache with channels=[Channel with id=Meter_01_raw_p_tot_exp, Channel with id=Meter_01_raw_p_tot_mant]
11:01:28.005 [OpenMUC Data Manager Pool - thread-1] DEBUG org.openmuc.framework.driver.channelmath.MathDriver - Successfully set value org.openmuc.framework.driver.channelmath.MathEvaluator$RecordWithInputChannelCache@3cc9dcd3 for channelId 'SUM'
11:01:28.005 [OpenMUC Data Manager Pool - thread-1] DEBUG org.openmuc.framework.driver.channelmath.MathDriver - Successfully set value org.openmuc.framework.driver.channelmath.MathEvaluator$RecordWithInputChannelCache@38581c66 for channelId 'SUM'
11:01:28.005 [OpenMUC Data Manager Pool - thread-1] DEBUG org.openmuc.framework.driver.channelmath.MathDriver - Processing container of channelId 'timestamp_older_channel'
11:01:28.005 [OpenMUC Data Manager Pool - thread-1] DEBUG org.openmuc.framework.driver.channelmath.MathDriver - Updated cache with channels=[Channel with id=Const_3, Channel with id=Const_5]
11:01:28.005 [OpenMUC Data Manager Pool - thread-2] DEBUG org.openmuc.framework.driver.channelmath.MathDriver - Successfully set value org.openmuc.framework.driver.channelmath.MathEvaluator$RecordWithInputChannelCache@13a560e8 for channelId 'Meter_01_p_tot'
11:01:28.006 [OpenMUC Data Manager Pool - thread-1] DEBUG org.openmuc.framework.driver.channelmath.MathDriver - Processing container of channelId 'STACKED_SUM'
11:01:28.006 [OpenMUC Data Manager Pool - thread-1] WARN org.openmuc.framework.driver.channelmath.MathDriver - Unable to read from channelId=timestamp_older_channel with reason MathChannelReadExcpetion:Read bad latest record value: null; timestamp: null; flag: SAMPLING_AND_LISTENING_DISABLED (flag is not valid) from channel Const_3. Aborting processing.. Skipping value calculation.
11:01:28.006 [OpenMUC Data Manager Pool - thread-1] DEBUG org.openmuc.framework.driver.channelmath.MathDriver - Successfully set value org.openmuc.framework.driver.channelmath.MathEvaluator$RecordWithInputChannelCache@6f29d7b0 for channelId 'SUM'
11:01:28.007 [OpenMUC Data Manager Pool - thread-1] DEBUG org.openmuc.framework.driver.channelmath.MathDriver - Processing container of channelId 'timestamp_older_channel2'
11:01:28.007 [OpenMUC Data Manager Pool - thread-1] ERROR org.openmuc.framework.driver.channelmath.MathDriver - Unable to parse formula of channelId='STACKED_SUM':Invalid formula for channel 'STACKED_SUM': may not depend on other math channels.
11:01:28.007 [OpenMUC Data Manager Pool - thread-1] WARN org.openmuc.framework.driver.channelmath.MathDriver - Unable to read from channelId=timestamp_older_channel2 with reason MathChannelReadExcpetion:Read bad latest record value: null; timestamp: null; flag: SAMPLING_AND_LISTENING_DISABLED (flag is not valid) from channel Const_3. Aborting processing.. Skipping value calculation.
11:01:28.007 [OpenMUC Data Manager Pool - thread-1] DEBUG org.openmuc.framework.driver.channelmath.MathDriver - Processing container of channelId 'timestamp_no_settings'
11:01:28.007 [OpenMUC Data Manager Pool - thread-1] WARN org.openmuc.framework.driver.channelmath.MathDriver - Unable to read from channelId=timestamp_no_settings with reason MathChannelReadExcpetion:Read bad latest record value: null; timestamp: null; flag: SAMPLING_AND_LISTENING_DISABLED (flag is not valid) from channel Const_3. Aborting processing.. Skipping value calculation.
]]></system-out>
  <system-err><![CDATA[]]></system-err>
</testsuite>
