<?xml version="1.0" encoding="UTF-8"?>
<testsuite name="org.openmuc.framework.driver.modbus.test.DriverTest" tests="1" skipped="0" failures="0" errors="0" timestamp="2025-11-13T06:52:11" hostname="shou-ThinkPad-E14-Gen-5" time="0.016">
  <properties/>
  <testcase name="printDriverInfo()" classname="org.openmuc.framework.driver.modbus.test.DriverTest" time="0.016"/>
  <system-out><![CDATA[]]></system-out>
  <system-err><![CDATA[SLF4J: No SLF4J providers were found.
SLF4J: Defaulting to no-operation (NOP) logger implementation
SLF4J: See https://www.slf4j.org/codes.html#noProviders for further details.
SLF4J: Class path contains SLF4J bindings targeting slf4j-api versions 1.7.x or earlier.
SLF4J: Ignoring binding found at [jar:file:/home/shou/.gradle/caches/modules-2/files-2.1/ch.qos.logback/logback-classic/1.2.13/e9f3458e7354fe4917081237c01fa4999f4e1b86/logback-classic-1.2.13.jar!/org/slf4j/impl/StaticLoggerBinder.class]
SLF4J: See https://www.slf4j.org/codes.html#ignoredBindings for an explanation.
]]></system-err>
</testsuite>
