<?xml version="1.0" encoding="UTF-8"?>
<testsuite name="org.openmuc.framework.driver.modbustcp.test.ModbusTcpChannelTest" tests="2" skipped="0" failures="0" errors="0" timestamp="2025-11-13T06:52:11" hostname="shou-ThinkPad-E14-Gen-5" time="0.007">
  <properties/>
  <testcase name="testValidReadAddresses()" classname="org.openmuc.framework.driver.modbustcp.test.ModbusTcpChannelTest" time="0.006"/>
  <testcase name="testValidWriteAddresses()" classname="org.openmuc.framework.driver.modbustcp.test.ModbusTcpChannelTest" time="0.001"/>
  <system-out><![CDATA[0:DISCRETE_INPUTS:0:BOOLEAN and resulting READ:DISCRETE_INPUTS:BOOLEAN are valid.
0:COILS:0:BOOLEAN and resulting READ:COILS:BOOLEAN are valid.
0:INPUT_REGISTERS:0:SHORT and resulting READ:INPUT_REGISTERS:SHORT are valid.
0:INPUT_REGISTERS:0:INT16 and resulting READ:INPUT_REGISTERS:INT16 are valid.
0:INPUT_REGISTERS:0:FLOAT and resulting READ:INPUT_REGISTERS:FLOAT are valid.
0:INPUT_REGISTERS:0:DOUBLE and resulting READ:INPUT_REGISTERS:DOUBLE are valid.
0:INPUT_REGISTERS:0:LONG and resulting READ:INPUT_REGISTERS:LONG are valid.
0:HOLDING_REGISTERS:0:SHORT and resulting READ:HOLDING_REGISTERS:SHORT are valid.
0:HOLDING_REGISTERS:0:INT16 and resulting READ:HOLDING_REGISTERS:INT16 are valid.
0:HOLDING_REGISTERS:0:FLOAT and resulting READ:HOLDING_REGISTERS:FLOAT are valid.
0:HOLDING_REGISTERS:0:DOUBLE and resulting READ:HOLDING_REGISTERS:DOUBLE are valid.
0:HOLDING_REGISTERS:0:LONG and resulting READ:HOLDING_REGISTERS:LONG are valid.
0:COILS:0:BOOLEAN and resulting WRITE:COILS:BOOLEAN are valid.
0:HOLDING_REGISTERS:0:SHORT and resulting WRITE:HOLDING_REGISTERS:SHORT are valid.
0:HOLDING_REGISTERS:0:INT16 and resulting WRITE:HOLDING_REGISTERS:INT16 are valid.
0:HOLDING_REGISTERS:0:FLOAT and resulting WRITE:HOLDING_REGISTERS:FLOAT are valid.
0:HOLDING_REGISTERS:0:DOUBLE and resulting WRITE:HOLDING_REGISTERS:DOUBLE are valid.
0:HOLDING_REGISTERS:0:LONG and resulting WRITE:HOLDING_REGISTERS:LONG are valid.
]]></system-out>
  <system-err><![CDATA[]]></system-err>
</testsuite>
