<?xml version="1.0" encoding="UTF-8"?>
<testsuite name="org.openmuc.framework.driver.iec60870.Iec60870ConnectionTest" tests="3" skipped="0" failures="0" errors="0" timestamp="2025-11-11T04:01:16" hostname="shou-ThinkPad-E14-Gen-5" time="0.043">
  <properties/>
  <testcase name="testSetupClientSap_AllowedTypes_WithInvalidId()" classname="org.openmuc.framework.driver.iec60870.Iec60870ConnectionTest" time="0.034"/>
  <testcase name="testSetupClientSap_WithCommonAddressFieldLength()" classname="org.openmuc.framework.driver.iec60870.Iec60870ConnectionTest" time="0.003"/>
  <testcase name="testSetupClientSap_AllowedTypes_ValidIds()" classname="org.openmuc.framework.driver.iec60870.Iec60870ConnectionTest" time="0.004"/>
  <system-out><![CDATA[Port = 45936
Connection Port = 45936
11:01:16.535 [Test worker] ERROR org.openmuc.framework.driver.iec60870.Iec60870Connection - Device settings contains not allowed value for "at" (allowed ASduType). Only int values between 1 and 255 are allowed.
11:01:16.537 [Test worker] DEBUG org.openmuc.framework.driver.iec60870.Iec60870Connection - Try to connect to: 127.0.0.1:45936
TestClient has connected.
11:01:16.547 [Test worker] INFO org.openmuc.framework.driver.iec60870.Iec60870Connection - Driver-IEC60870: successful connected to 127.0.0.1:45936
11:01:16.551 [Test worker] DEBUG org.openmuc.framework.driver.iec60870.Iec60870Connection - Driver-IEC60870: successful sent startDT act to 127.0.0.1:45936and got startDT con.
11:01:16.551 [Test worker] ERROR org.openmuc.framework.driver.iec60870.Iec60870Connection - Device settings contains not allowed value for "at" (allowed ASduType). Only int values between 1 and 255 are allowed.
Port = 62179
Connection Port = 62179
11:01:16.555 [Test worker] DEBUG org.openmuc.framework.driver.iec60870.Iec60870Connection - Try to connect to: 127.0.0.1:62179
11:01:16.556 [Test worker] INFO org.openmuc.framework.driver.iec60870.Iec60870Connection - Driver-IEC60870: successful connected to 127.0.0.1:62179
TestClient has connected.
11:01:16.556 [Test worker] DEBUG org.openmuc.framework.driver.iec60870.Iec60870Connection - Driver-IEC60870: successful sent startDT act to 127.0.0.1:62179and got startDT con.
Port = 56330
Connection Port = 56330
11:01:16.560 [Test worker] DEBUG org.openmuc.framework.driver.iec60870.Iec60870Connection - Try to connect to: 127.0.0.1:56330
TestClient has connected.
11:01:16.561 [Test worker] INFO org.openmuc.framework.driver.iec60870.Iec60870Connection - Driver-IEC60870: successful connected to 127.0.0.1:56330
11:01:16.561 [Test worker] DEBUG org.openmuc.framework.driver.iec60870.Iec60870Connection - Driver-IEC60870: successful sent startDT act to 127.0.0.1:56330and got startDT con.
]]></system-out>
  <system-err><![CDATA[]]></system-err>
</testsuite>
