<?xml version="1.0" encoding="UTF-8"?>
<testsuite name="org.openmuc.framework.data.StringValueTest" tests="6" skipped="0" failures="0" errors="0" timestamp="2025-11-11T04:00:53" hostname="shou-ThinkPad-E14-Gen-5" time="0.029">
  <properties/>
  <testcase name="testException()" classname="org.openmuc.framework.data.StringValueTest" time="0.001"/>
  <testcase name="[1] false, false" classname="org.openmuc.framework.data.StringValueTest" time="0.004"/>
  <testcase name="[2] true, true" classname="org.openmuc.framework.data.StringValueTest" time="0.001"/>
  <testcase name="[3] jhbvce, false" classname="org.openmuc.framework.data.StringValueTest" time="0.001"/>
  <testcase name="[4] TRUE, true" classname="org.openmuc.framework.data.StringValueTest" time="0.001"/>
  <testcase name="[5] TRuE, true" classname="org.openmuc.framework.data.StringValueTest" time="0.0"/>
  <system-out><![CDATA[]]></system-out>
  <system-err><![CDATA[]]></system-err>
</testsuite>
