<?xml version="1.0" encoding="UTF-8"?>
<testsuite name="org.openmuc.framework.data.RecordTest" tests="4" skipped="0" failures="0" errors="0" timestamp="2025-11-11T04:00:53" hostname="shou-ThinkPad-E14-Gen-5" time="0.02">
  <properties/>
  <testcase name="equalsWorks_recordsEqual()" classname="org.openmuc.framework.data.RecordTest" time="0.014"/>
  <testcase name="hashCodeWorks()" classname="org.openmuc.framework.data.RecordTest" time="0.002"/>
  <testcase name="equalsWorks_recordsNotEqual_differentType()" classname="org.openmuc.framework.data.RecordTest" time="0.002"/>
  <testcase name="equalsWorks_recordsNotEqual_sameType()" classname="org.openmuc.framework.data.RecordTest" time="0.0"/>
  <system-out><![CDATA[]]></system-out>
  <system-err><![CDATA[]]></system-err>
</testsuite>
