<?xml version="1.0" encoding="UTF-8"?>
<testsuite name="org.openmuc.framework.datalogger.sql.init.TableSetupTest" tests="2" skipped="0" failures="0" errors="0" timestamp="2025-11-11T04:01:03" hostname="shou-ThinkPad-E14-Gen-5" time="0.289">
  <properties/>
  <testcase name="createOpenmucTables()" classname="org.openmuc.framework.datalogger.sql.init.TableSetupTest" time="0.276"/>
  <testcase name="initNewMetaTable()" classname="org.openmuc.framework.datalogger.sql.init.TableSetupTest" time="0.012"/>
  <system-out><![CDATA[]]></system-out>
  <system-err><![CDATA[]]></system-err>
</testsuite>
