<?xml version="1.0" encoding="UTF-8"?>
<testsuite name="org.openmuc.framework.driver.csv.CsvTimeChannelUnixtimestampTest" tests="8" skipped="0" failures="0" errors="0" timestamp="2025-11-11T04:01:14" hostname="shou-ThinkPad-E14-Gen-5" time="0.007">
  <properties/>
  <testcase name="testReadT1BeforeT2Valid()" classname="org.openmuc.framework.driver.csv.CsvTimeChannelUnixtimestampTest" time="0.001"/>
  <testcase name="testRead()" classname="org.openmuc.framework.driver.csv.CsvTimeChannelUnixtimestampTest" time="0.0"/>
  <testcase name="testReadNextValueInbetween()" classname="org.openmuc.framework.driver.csv.CsvTimeChannelUnixtimestampTest" time="0.001"/>
  <testcase name="testReadNextValueEndNoRewind()" classname="org.openmuc.framework.driver.csv.CsvTimeChannelUnixtimestampTest" time="0.0"/>
  <testcase name="testReadT1ValidT2BeforeDisabledRewind()" classname="org.openmuc.framework.driver.csv.CsvTimeChannelUnixtimestampTest" time="0.0"/>
  <testcase name="testReadT1ValidT2BeforeEnabledRewind()" classname="org.openmuc.framework.driver.csv.CsvTimeChannelUnixtimestampTest" time="0.001"/>
  <testcase name="testReadNextValueEndWithRewind()" classname="org.openmuc.framework.driver.csv.CsvTimeChannelUnixtimestampTest" time="0.0"/>
  <testcase name="testReadNextValueStart()" classname="org.openmuc.framework.driver.csv.CsvTimeChannelUnixtimestampTest" time="0.001"/>
  <system-out><![CDATA[11:01:14.098 [Test worker] WARN org.openmuc.framework.driver.csv.channel.CsvTimeChannel - Current sampling time is behind last available timestamp of csv file. Returning value corresponding to last timestamp in file.
11:01:14.100 [OpenMUC Data Manager Pool - thread-1] WARN org.openmuc.framework.driver.csv.CsvDeviceConnection - EmptyChannelAddressException: No ChannelAddress for channel hhmmss
11:01:14.100 [OpenMUC Data Manager Pool - thread-1] WARN org.openmuc.framework.driver.csv.CsvDeviceConnection - EmptyChannelAddressException: No ChannelAddress for channel hhmmss
11:01:14.100 [OpenMUC Data Manager Pool - thread-1] WARN org.openmuc.framework.driver.csv.CsvDeviceConnection - EmptyChannelAddressException: Invalid Channel Address: this-column-does-not-exist
11:01:14.102 [Test worker] WARN org.openmuc.framework.driver.csv.channel.CsvTimeChannel - Current sampling time is behind last available timestamp of csv file. Returning value corresponding to last timestamp in file.
]]></system-out>
  <system-err><![CDATA[]]></system-err>
</testsuite>
