<?xml version="1.0" encoding="UTF-8"?>
<testsuite name="org.openmuc.framework.driver.csv.DeviceConnectionTest" tests="4" skipped="0" failures="0" errors="0" timestamp="2025-11-11T04:01:14" hostname="shou-ThinkPad-E14-Gen-5" time="0.012">
  <properties/>
  <testcase name="testCsvWithoutHhmmss()" classname="org.openmuc.framework.driver.csv.DeviceConnectionTest" time="0.003"/>
  <testcase name="testCsvWithHhmmss()" classname="org.openmuc.framework.driver.csv.DeviceConnectionTest" time="0.002"/>
  <testcase name="testCsvWithUnixtimestamp()" classname="org.openmuc.framework.driver.csv.DeviceConnectionTest" time="0.003"/>
  <testcase name="testCsvWithoutUnixtimestamp()" classname="org.openmuc.framework.driver.csv.DeviceConnectionTest" time="0.003"/>
  <system-out><![CDATA[]]></system-out>
  <system-err><![CDATA[]]></system-err>
</testsuite>
