<?xml version="1.0" encoding="UTF-8"?>
<testsuite name="org.openmuc.framework.driver.csv.SamplingModeLineTest" tests="2" skipped="0" failures="0" errors="0" timestamp="2025-11-11T04:01:14" hostname="shou-ThinkPad-E14-Gen-5" time="0.011">
  <properties/>
  <testcase name="testLineModeWithoutRewind()" classname="org.openmuc.framework.driver.csv.SamplingModeLineTest" time="0.005"/>
  <testcase name="testLineModeWitRewind()" classname="org.openmuc.framework.driver.csv.SamplingModeLineTest" time="0.005"/>
  <system-out><![CDATA[    hhmmss, power_grid
    000010,      0.910
    000015,      0.915
    000020,      0.920
    000020,      0.920
    hhmmss, power_grid
    000010,      0.910
    000015,      0.915
    000020,      0.920
    000010,      0.910
]]></system-out>
  <system-err><![CDATA[]]></system-err>
</testsuite>
