<?xml version="1.0" encoding="UTF-8"?>
<testsuite name="org.openmuc.framework.datalogger.mqtt.MqttChannelLogSettingsTest" tests="3" skipped="0" failures="0" errors="0" timestamp="2025-11-11T04:00:58" hostname="shou-ThinkPad-E14-Gen-5" time="0.044">
  <properties/>
  <testcase name="testCorrectTopic()" classname="org.openmuc.framework.datalogger.mqtt.MqttChannelLogSettingsTest" time="0.038"/>
  <testcase name="testMissingMqttTopic()" classname="org.openmuc.framework.datalogger.mqtt.MqttChannelLogSettingsTest" time="0.002"/>
  <testcase name="testMissingMqttSettings()" classname="org.openmuc.framework.datalogger.mqtt.MqttChannelLogSettingsTest" time="0.002"/>
  <system-out><![CDATA[]]></system-out>
  <system-err><![CDATA[]]></system-err>
</testsuite>
