<?xml version="1.0" encoding="UTF-8"?>
<testsuite name="org.openmuc.framework.datalogger.mqtt.MqttLogMsgBuilderTest" tests="5" skipped="0" failures="0" errors="0" timestamp="2025-11-11T04:00:59" hostname="shou-ThinkPad-E14-Gen-5" time="0.029">
  <properties/>
  <testcase name="test_logTwoChannels_differentTopic_multipleTrue()" classname="org.openmuc.framework.datalogger.mqtt.MqttLogMsgBuilderTest" time="0.008"/>
  <testcase name="test_logSingleChannel_multipleFalse()" classname="org.openmuc.framework.datalogger.mqtt.MqttLogMsgBuilderTest" time="0.012"/>
  <testcase name="test_logTwoChannels_sameTopic_multipleFalse()" classname="org.openmuc.framework.datalogger.mqtt.MqttLogMsgBuilderTest" time="0.002"/>
  <testcase name="test_logSingleChannel_multipleTrue()" classname="org.openmuc.framework.datalogger.mqtt.MqttLogMsgBuilderTest" time="0.002"/>
  <testcase name="test_logTwoChannels_sameTopic_multipleTrue()" classname="org.openmuc.framework.datalogger.mqtt.MqttLogMsgBuilderTest" time="0.002"/>
  <system-out><![CDATA[]]></system-out>
  <system-err><![CDATA[]]></system-err>
</testsuite>
